INFO       2019-07-20 14:46:17,746  398:root                            	 Initialized Root Logger
DEBUG      2019-07-20 14:46:17,746  422:BoxPlotter                      	 Created logger BoxPlotter
INFO       2019-07-20 14:46:17,746  106:BoxPlotter                      	 
Will read from ..
	/home/balazs/university/stefan-collaboration-code/alib_experiment_home/input/abb_scenarios_results_N-2-37_seed-1-20_scenario-0-80_reduced.pickle 
		and save plot with name abb_scenarios_results_N-2-37_seed-1-20_scenario-0-80_reduced_plotted.png into
	/home/balazs/university/stefan-collaboration-code/alib_experiment_home/output

INFO       2019-07-20 14:46:17,746  108:BoxPlotter                      	 Reading pickle file at /home/balazs/university/stefan-collaboration-code/alib_experiment_home/input/abb_scenarios_results_N-2-37_seed-1-20_scenario-0-80_reduced.pickle
DEBUG      2019-07-20 14:46:18,158  422:alib.scenariogeneration         	 Created logger alib.scenariogeneration
DEBUG      2019-07-20 14:46:18,164  422:alib.run_experiment             	 Created logger alib.run_experiment
INFO       2019-07-20 14:46:18,165  124:BoxPlotter                      	 Aggregating over parameter to scenario ID dictionary {1: set([0, 1, 2, 3, 4, 5, 6, 7]), 2: set([8, 9, 10, 11, 12, 13, 14, 15]), 3: set([16, 17, 18, 19, 20, 21, 22, 23]), 4: set([24, 25, 26, 27, 28, 29, 30, 31]), 5: set([32, 33, 34, 35, 36, 37, 38, 39]), 6: set([40, 41, 42, 43, 44, 45, 46, 47]), 7: set([48, 49, 50, 51, 52, 53, 54, 55]), 8: set([56, 57, 58, 59, 60, 61, 62, 63]), 9: set([64, 65, 66, 67, 68, 69, 70, 71]), 10: set([72, 73, 74, 75, 76, 77, 78, 79]), 11: set([80, 81, 82, 83, 84, 85, 86, 87]), 12: set([88, 89, 90, 91, 92, 93, 94, 95]), 13: set([96, 97, 98, 99, 100, 101, 102, 103]), 14: set([104, 105, 106, 107, 108, 109, 110, 111]), 15: set([112, 113, 114, 115, 116, 117, 118, 119]), 16: set([120, 121, 122, 123, 124, 125, 126, 127]), 17: set([128, 129, 130, 131, 132, 133, 134, 135]), 18: set([136, 137, 138, 139, 140, 141, 142, 143]), 19: set([144, 145, 146, 147, 148, 149, 150, 151]), 20: set([152, 153, 154, 155, 156, 157, 158, 159])}
WARNING    2019-07-20 14:46:18,165  190:BoxPlotter                      	 Reduced solution not found for scenario number 80, skipping from aggregating...
WARNING    2019-07-20 14:46:18,165  190:BoxPlotter                      	 Reduced solution not found for scenario number 88, skipping from aggregating...
WARNING    2019-07-20 14:46:18,165  190:BoxPlotter                      	 Reduced solution not found for scenario number 96, skipping from aggregating...
WARNING    2019-07-20 14:46:18,165  190:BoxPlotter                      	 Reduced solution not found for scenario number 104, skipping from aggregating...
WARNING    2019-07-20 14:46:18,165  190:BoxPlotter                      	 Reduced solution not found for scenario number 112, skipping from aggregating...
WARNING    2019-07-20 14:46:18,165  190:BoxPlotter                      	 Reduced solution not found for scenario number 120, skipping from aggregating...
WARNING    2019-07-20 14:46:18,165  190:BoxPlotter                      	 Reduced solution not found for scenario number 128, skipping from aggregating...
WARNING    2019-07-20 14:46:18,165  190:BoxPlotter                      	 Reduced solution not found for scenario number 136, skipping from aggregating...
WARNING    2019-07-20 14:46:18,165  190:BoxPlotter                      	 Reduced solution not found for scenario number 144, skipping from aggregating...
WARNING    2019-07-20 14:46:18,165  190:BoxPlotter                      	 Reduced solution not found for scenario number 152, skipping from aggregating...
DEBUG      2019-07-20 14:46:18,165  136:BoxPlotter                      	 Feasibility ratio for scenario ids [0, 8, 16, 24, 32, 40, 48, 56, 64, 72, 80, 88, 96, 104, 112, 120, 128, 136, 144, 152]: 1.0
DEBUG      2019-07-20 14:46:18,166  142:BoxPlotter                      	 Saving plot data [6280.0, 6280.0, 6280.0, 6280.0, 6280.0, 6280.0, 6280.0, 6280.0, 6280.0, 6280.0] for x tick label 2
WARNING    2019-07-20 14:46:18,166  190:BoxPlotter                      	 Reduced solution not found for scenario number 81, skipping from aggregating...
WARNING    2019-07-20 14:46:18,166  190:BoxPlotter                      	 Reduced solution not found for scenario number 89, skipping from aggregating...
WARNING    2019-07-20 14:46:18,166  190:BoxPlotter                      	 Reduced solution not found for scenario number 97, skipping from aggregating...
WARNING    2019-07-20 14:46:18,166  190:BoxPlotter                      	 Reduced solution not found for scenario number 105, skipping from aggregating...
WARNING    2019-07-20 14:46:18,166  190:BoxPlotter                      	 Reduced solution not found for scenario number 113, skipping from aggregating...
WARNING    2019-07-20 14:46:18,166  190:BoxPlotter                      	 Reduced solution not found for scenario number 121, skipping from aggregating...
WARNING    2019-07-20 14:46:18,166  190:BoxPlotter                      	 Reduced solution not found for scenario number 129, skipping from aggregating...
WARNING    2019-07-20 14:46:18,166  190:BoxPlotter                      	 Reduced solution not found for scenario number 137, skipping from aggregating...
WARNING    2019-07-20 14:46:18,166  190:BoxPlotter                      	 Reduced solution not found for scenario number 145, skipping from aggregating...
WARNING    2019-07-20 14:46:18,166  190:BoxPlotter                      	 Reduced solution not found for scenario number 153, skipping from aggregating...
DEBUG      2019-07-20 14:46:18,166  136:BoxPlotter                      	 Feasibility ratio for scenario ids [1, 9, 17, 25, 33, 41, 49, 57, 65, 73, 81, 89, 97, 105, 113, 121, 129, 137, 145, 153]: 0.7
DEBUG      2019-07-20 14:46:18,166  142:BoxPlotter                      	 Saving plot data [22784.0, 23252.0, 23944.0, 23336.0] for x tick label 7
WARNING    2019-07-20 14:46:18,166  190:BoxPlotter                      	 Reduced solution not found for scenario number 82, skipping from aggregating...
WARNING    2019-07-20 14:46:18,166  190:BoxPlotter                      	 Reduced solution not found for scenario number 90, skipping from aggregating...
WARNING    2019-07-20 14:46:18,166  190:BoxPlotter                      	 Reduced solution not found for scenario number 98, skipping from aggregating...
WARNING    2019-07-20 14:46:18,167  190:BoxPlotter                      	 Reduced solution not found for scenario number 106, skipping from aggregating...
WARNING    2019-07-20 14:46:18,167  190:BoxPlotter                      	 Reduced solution not found for scenario number 114, skipping from aggregating...
WARNING    2019-07-20 14:46:18,167  190:BoxPlotter                      	 Reduced solution not found for scenario number 122, skipping from aggregating...
WARNING    2019-07-20 14:46:18,167  190:BoxPlotter                      	 Reduced solution not found for scenario number 130, skipping from aggregating...
WARNING    2019-07-20 14:46:18,167  190:BoxPlotter                      	 Reduced solution not found for scenario number 138, skipping from aggregating...
WARNING    2019-07-20 14:46:18,167  190:BoxPlotter                      	 Reduced solution not found for scenario number 146, skipping from aggregating...
WARNING    2019-07-20 14:46:18,167  190:BoxPlotter                      	 Reduced solution not found for scenario number 154, skipping from aggregating...
DEBUG      2019-07-20 14:46:18,167  136:BoxPlotter                      	 Feasibility ratio for scenario ids [2, 10, 18, 26, 34, 42, 50, 58, 66, 74, 82, 90, 98, 106, 114, 122, 130, 138, 146, 154]: 0.55
DEBUG      2019-07-20 14:46:18,167  142:BoxPlotter                      	 Saving plot data [40932.0] for x tick label 12
WARNING    2019-07-20 14:46:18,167  190:BoxPlotter                      	 Reduced solution not found for scenario number 83, skipping from aggregating...
WARNING    2019-07-20 14:46:18,167  190:BoxPlotter                      	 Reduced solution not found for scenario number 91, skipping from aggregating...
WARNING    2019-07-20 14:46:18,167  190:BoxPlotter                      	 Reduced solution not found for scenario number 99, skipping from aggregating...
WARNING    2019-07-20 14:46:18,167  190:BoxPlotter                      	 Reduced solution not found for scenario number 107, skipping from aggregating...
WARNING    2019-07-20 14:46:18,167  190:BoxPlotter                      	 Reduced solution not found for scenario number 115, skipping from aggregating...
WARNING    2019-07-20 14:46:18,167  190:BoxPlotter                      	 Reduced solution not found for scenario number 123, skipping from aggregating...
WARNING    2019-07-20 14:46:18,168  190:BoxPlotter                      	 Reduced solution not found for scenario number 131, skipping from aggregating...
WARNING    2019-07-20 14:46:18,168  190:BoxPlotter                      	 Reduced solution not found for scenario number 139, skipping from aggregating...
WARNING    2019-07-20 14:46:18,168  190:BoxPlotter                      	 Reduced solution not found for scenario number 147, skipping from aggregating...
WARNING    2019-07-20 14:46:18,168  190:BoxPlotter                      	 Reduced solution not found for scenario number 155, skipping from aggregating...
DEBUG      2019-07-20 14:46:18,168  136:BoxPlotter                      	 Feasibility ratio for scenario ids [3, 11, 19, 27, 35, 43, 51, 59, 67, 75, 83, 91, 99, 107, 115, 123, 131, 139, 147, 155]: 0.5
DEBUG      2019-07-20 14:46:18,168  142:BoxPlotter                      	 Saving plot data [] for x tick label 17
WARNING    2019-07-20 14:46:18,168  190:BoxPlotter                      	 Reduced solution not found for scenario number 84, skipping from aggregating...
WARNING    2019-07-20 14:46:18,168  190:BoxPlotter                      	 Reduced solution not found for scenario number 92, skipping from aggregating...
WARNING    2019-07-20 14:46:18,168  190:BoxPlotter                      	 Reduced solution not found for scenario number 100, skipping from aggregating...
WARNING    2019-07-20 14:46:18,168  190:BoxPlotter                      	 Reduced solution not found for scenario number 108, skipping from aggregating...
WARNING    2019-07-20 14:46:18,168  190:BoxPlotter                      	 Reduced solution not found for scenario number 116, skipping from aggregating...
WARNING    2019-07-20 14:46:18,168  190:BoxPlotter                      	 Reduced solution not found for scenario number 124, skipping from aggregating...
WARNING    2019-07-20 14:46:18,168  190:BoxPlotter                      	 Reduced solution not found for scenario number 132, skipping from aggregating...
WARNING    2019-07-20 14:46:18,168  190:BoxPlotter                      	 Reduced solution not found for scenario number 140, skipping from aggregating...
WARNING    2019-07-20 14:46:18,168  190:BoxPlotter                      	 Reduced solution not found for scenario number 148, skipping from aggregating...
WARNING    2019-07-20 14:46:18,169  190:BoxPlotter                      	 Reduced solution not found for scenario number 156, skipping from aggregating...
DEBUG      2019-07-20 14:46:18,169  136:BoxPlotter                      	 Feasibility ratio for scenario ids [4, 12, 20, 28, 36, 44, 52, 60, 68, 76, 84, 92, 100, 108, 116, 124, 132, 140, 148, 156]: 0.5
DEBUG      2019-07-20 14:46:18,169  142:BoxPlotter                      	 Saving plot data [] for x tick label 22
WARNING    2019-07-20 14:46:18,169  190:BoxPlotter                      	 Reduced solution not found for scenario number 85, skipping from aggregating...
WARNING    2019-07-20 14:46:18,169  190:BoxPlotter                      	 Reduced solution not found for scenario number 93, skipping from aggregating...
WARNING    2019-07-20 14:46:18,169  190:BoxPlotter                      	 Reduced solution not found for scenario number 101, skipping from aggregating...
WARNING    2019-07-20 14:46:18,169  190:BoxPlotter                      	 Reduced solution not found for scenario number 109, skipping from aggregating...
WARNING    2019-07-20 14:46:18,169  190:BoxPlotter                      	 Reduced solution not found for scenario number 117, skipping from aggregating...
WARNING    2019-07-20 14:46:18,169  190:BoxPlotter                      	 Reduced solution not found for scenario number 125, skipping from aggregating...
WARNING    2019-07-20 14:46:18,169  190:BoxPlotter                      	 Reduced solution not found for scenario number 133, skipping from aggregating...
WARNING    2019-07-20 14:46:18,169  190:BoxPlotter                      	 Reduced solution not found for scenario number 141, skipping from aggregating...
WARNING    2019-07-20 14:46:18,169  190:BoxPlotter                      	 Reduced solution not found for scenario number 149, skipping from aggregating...
WARNING    2019-07-20 14:46:18,170  190:BoxPlotter                      	 Reduced solution not found for scenario number 157, skipping from aggregating...
DEBUG      2019-07-20 14:46:18,170  136:BoxPlotter                      	 Feasibility ratio for scenario ids [5, 13, 21, 29, 37, 45, 53, 61, 69, 77, 85, 93, 101, 109, 117, 125, 133, 141, 149, 157]: 0.5
DEBUG      2019-07-20 14:46:18,170  142:BoxPlotter                      	 Saving plot data [] for x tick label 27
WARNING    2019-07-20 14:46:18,170  190:BoxPlotter                      	 Reduced solution not found for scenario number 86, skipping from aggregating...
WARNING    2019-07-20 14:46:18,170  190:BoxPlotter                      	 Reduced solution not found for scenario number 94, skipping from aggregating...
WARNING    2019-07-20 14:46:18,170  190:BoxPlotter                      	 Reduced solution not found for scenario number 102, skipping from aggregating...
WARNING    2019-07-20 14:46:18,170  190:BoxPlotter                      	 Reduced solution not found for scenario number 110, skipping from aggregating...
WARNING    2019-07-20 14:46:18,170  190:BoxPlotter                      	 Reduced solution not found for scenario number 118, skipping from aggregating...
WARNING    2019-07-20 14:46:18,170  190:BoxPlotter                      	 Reduced solution not found for scenario number 126, skipping from aggregating...
WARNING    2019-07-20 14:46:18,170  190:BoxPlotter                      	 Reduced solution not found for scenario number 134, skipping from aggregating...
WARNING    2019-07-20 14:46:18,170  190:BoxPlotter                      	 Reduced solution not found for scenario number 142, skipping from aggregating...
WARNING    2019-07-20 14:46:18,170  190:BoxPlotter                      	 Reduced solution not found for scenario number 150, skipping from aggregating...
WARNING    2019-07-20 14:46:18,170  190:BoxPlotter                      	 Reduced solution not found for scenario number 158, skipping from aggregating...
DEBUG      2019-07-20 14:46:18,170  136:BoxPlotter                      	 Feasibility ratio for scenario ids [6, 14, 22, 30, 38, 46, 54, 62, 70, 78, 86, 94, 102, 110, 118, 126, 134, 142, 150, 158]: 0.5
DEBUG      2019-07-20 14:46:18,171  142:BoxPlotter                      	 Saving plot data [] for x tick label 32
WARNING    2019-07-20 14:46:18,171  190:BoxPlotter                      	 Reduced solution not found for scenario number 7, skipping from aggregating...
WARNING    2019-07-20 14:46:18,171  190:BoxPlotter                      	 Reduced solution not found for scenario number 15, skipping from aggregating...
WARNING    2019-07-20 14:46:18,171  190:BoxPlotter                      	 Reduced solution not found for scenario number 23, skipping from aggregating...
WARNING    2019-07-20 14:46:18,171  190:BoxPlotter                      	 Reduced solution not found for scenario number 31, skipping from aggregating...
WARNING    2019-07-20 14:46:18,171  190:BoxPlotter                      	 Reduced solution not found for scenario number 39, skipping from aggregating...
WARNING    2019-07-20 14:46:18,171  190:BoxPlotter                      	 Reduced solution not found for scenario number 47, skipping from aggregating...
WARNING    2019-07-20 14:46:18,171  190:BoxPlotter                      	 Reduced solution not found for scenario number 55, skipping from aggregating...
WARNING    2019-07-20 14:46:18,171  190:BoxPlotter                      	 Reduced solution not found for scenario number 63, skipping from aggregating...
WARNING    2019-07-20 14:46:18,171  190:BoxPlotter                      	 Reduced solution not found for scenario number 71, skipping from aggregating...
WARNING    2019-07-20 14:46:18,171  190:BoxPlotter                      	 Reduced solution not found for scenario number 79, skipping from aggregating...
WARNING    2019-07-20 14:46:18,171  190:BoxPlotter                      	 Reduced solution not found for scenario number 87, skipping from aggregating...
WARNING    2019-07-20 14:46:18,171  190:BoxPlotter                      	 Reduced solution not found for scenario number 95, skipping from aggregating...
WARNING    2019-07-20 14:46:18,171  190:BoxPlotter                      	 Reduced solution not found for scenario number 103, skipping from aggregating...
WARNING    2019-07-20 14:46:18,172  190:BoxPlotter                      	 Reduced solution not found for scenario number 111, skipping from aggregating...
WARNING    2019-07-20 14:46:18,172  190:BoxPlotter                      	 Reduced solution not found for scenario number 119, skipping from aggregating...
WARNING    2019-07-20 14:46:18,172  190:BoxPlotter                      	 Reduced solution not found for scenario number 127, skipping from aggregating...
WARNING    2019-07-20 14:46:18,172  190:BoxPlotter                      	 Reduced solution not found for scenario number 135, skipping from aggregating...
WARNING    2019-07-20 14:46:18,172  190:BoxPlotter                      	 Reduced solution not found for scenario number 143, skipping from aggregating...
WARNING    2019-07-20 14:46:18,172  190:BoxPlotter                      	 Reduced solution not found for scenario number 151, skipping from aggregating...
WARNING    2019-07-20 14:46:18,172  190:BoxPlotter                      	 Reduced solution not found for scenario number 159, skipping from aggregating...
DEBUG      2019-07-20 14:46:18,172  136:BoxPlotter                      	 Feasibility ratio for scenario ids [7, 15, 23, 31, 39, 47, 55, 63, 71, 79, 87, 95, 103, 111, 119, 127, 135, 143, 151, 159]: 1.0
DEBUG      2019-07-20 14:46:18,172  142:BoxPlotter                      	 Saving plot data [] for x tick label 37
DEBUG      2019-07-20 14:46:19,610 1346:matplotlib.font_manager         	 findfont: Matching :family=sans-serif:style=normal:variant=normal:weight=normal:stretch=normal:size=10.0 to DejaVu Sans (u'/home/balazs/university/stefan-collaboration-code/venv/local/lib/python2.7/site-packages/matplotlib/mpl-data/fonts/ttf/DejaVuSans.ttf') with score of 0.050000
