INFO       2020-04-17 17:36:51,013  398:root                            	 Initialized Root Logger
DEBUG      2020-04-17 17:36:51,014  422:BoxPlotter                      	 Created logger BoxPlotter
INFO       2020-04-17 17:36:51,014  146:BoxPlotter                      	 
Will read from ..
	/home/balazs/university/stefan-collaboration-code/alib_experiment_home/input/arbitrary-synthetic_result_reduced.pickle 
		and save plot with name Substrate_size-to-postprocess_runtime.pdf into
	/home/balazs/university/stefan-collaboration-code/evaluation-fog-model-2019/results/synthetic/arbitrary_fixed_relative/plots

INFO       2020-04-17 17:36:51,014  148:BoxPlotter                      	 Reading pickle file at /home/balazs/university/stefan-collaboration-code/alib_experiment_home/input/arbitrary-synthetic_result_reduced.pickle
DEBUG      2020-04-17 17:36:51,149  422:alib.scenariogeneration         	 Created logger alib.scenariogeneration
DEBUG      2020-04-17 17:36:51,152  422:alib.run_experiment             	 Created logger alib.run_experiment
INFO       2020-04-17 17:36:51,153  146:BoxPlotter                      	 
Will read from ..
	/home/balazs/university/stefan-collaboration-code/alib_experiment_home/input/fixed-synthetic_result_reduced.pickle 
		and save plot with name Substrate_size-to-postprocess_runtime.pdf into
	/home/balazs/university/stefan-collaboration-code/evaluation-fog-model-2019/results/synthetic/arbitrary_fixed_relative/plots

INFO       2020-04-17 17:36:51,153  148:BoxPlotter                      	 Reading pickle file at /home/balazs/university/stefan-collaboration-code/alib_experiment_home/input/fixed-synthetic_result_reduced.pickle
INFO       2020-04-17 17:36:51,157  180:BoxPlotter                      	 Aggregating over parameter to scenario ID dictionary {1: set([0, 1, 2, 3, 4, 5]), 2: set([6, 7, 8, 9, 10, 11]), 3: set([12, 13, 14, 15, 16, 17]), 4: set([18, 19, 20, 21, 22, 23]), 5: set([24, 25, 26, 27, 28, 29]), 6: set([32, 33, 34, 35, 30, 31]), 7: set([36, 37, 38, 39, 40, 41]), 8: set([42, 43, 44, 45, 46, 47]), 9: set([48, 49, 50, 51, 52, 53]), 10: set([54, 55, 56, 57, 58, 59])}
DEBUG      2020-04-17 17:36:51,157  209:BoxPlotter                      	 Feasibility ratio for scenario ids [0, 6, 12, 18, 24, 36, 42, 48, 54]: 1.0
DEBUG      2020-04-17 17:36:51,157  211:BoxPlotter                      	 Saving plot data [0.2045609951019287, 0.16541290283203125, 0.2048192024230957, 0.2004837989807129, 0.2190699577331543, 0.19682884216308594, 0.19438481330871582, 0.17563390731811523, 0.17076921463012695] for x tick label 10
DEBUG      2020-04-17 17:36:51,157  209:BoxPlotter                      	 Feasibility ratio for scenario ids [1, 7, 13, 19, 25, 37, 43, 49, 55]: 1.0
DEBUG      2020-04-17 17:36:51,157  211:BoxPlotter                      	 Saving plot data [0.3619990348815918, 0.3006258010864258, 0.33545708656311035, 0.336777925491333, 0.265704870223999, 0.26415181159973145, 0.2851541042327881, 0.2505180835723877, 0.2790670394897461] for x tick label 20
DEBUG      2020-04-17 17:36:51,158  209:BoxPlotter                      	 Feasibility ratio for scenario ids [2, 8, 14, 20, 26, 32, 38, 44, 50, 56]: 1.0
DEBUG      2020-04-17 17:36:51,158  211:BoxPlotter                      	 Saving plot data [0.4874248504638672, 0.4552891254425049, 0.5020899772644043, 0.4988830089569092, 0.40439414978027344, 0.5838501453399658, 0.4579739570617676, 0.474031925201416, 0.4337949752807617, 0.39760279655456543] for x tick label 30
DEBUG      2020-04-17 17:36:51,158  209:BoxPlotter                      	 Feasibility ratio for scenario ids [3, 9, 15, 21, 27, 33, 39, 45, 51, 57]: 1.0
DEBUG      2020-04-17 17:36:51,158  211:BoxPlotter                      	 Saving plot data [0.6745610237121582, 0.5462989807128906, 0.6716229915618896, 0.6624269485473633, 0.638901948928833, 0.683007001876831, 0.6047708988189697, 0.5568859577178955, 0.6708028316497803, 0.9036989212036133] for x tick label 40
DEBUG      2020-04-17 17:36:51,158  209:BoxPlotter                      	 Feasibility ratio for scenario ids [4, 10, 16, 22, 28, 34, 40, 46, 52, 58]: 1.0
DEBUG      2020-04-17 17:36:51,158  211:BoxPlotter                      	 Saving plot data [0.9681968688964844, 0.8524899482727051, 1.0090210437774658, 0.8544619083404541, 1.0091688632965088, 0.8544769287109375, 0.9779300689697266, 1.1586639881134033, 0.9623119831085205, 0.9511950016021729] for x tick label 50
DEBUG      2020-04-17 17:36:51,158  209:BoxPlotter                      	 Feasibility ratio for scenario ids [5, 11, 17, 23, 29, 35, 41, 47, 53, 59]: 0.5
DEBUG      2020-04-17 17:36:51,158  211:BoxPlotter                      	 Saving plot data [1.6723217964172363, 1.3222570419311523, 1.54669189453125, 1.1768720149993896, 1.5147790908813477] for x tick label 60
DEBUG      2020-04-17 17:36:51,158  209:BoxPlotter                      	 Feasibility ratio for scenario ids [30]: 1.0
DEBUG      2020-04-17 17:36:51,158  215:BoxPlotter                      	 Appending plot data [0.19942498207092285] for x tick label 10 with existing values: [[0.2045609951019287, 0.16541290283203125, 0.2048192024230957, 0.2004837989807129, 0.2190699577331543, 0.19682884216308594, 0.19438481330871582, 0.17563390731811523, 0.17076921463012695], 0, 9]
DEBUG      2020-04-17 17:36:51,158  209:BoxPlotter                      	 Feasibility ratio for scenario ids [31]: 1.0
DEBUG      2020-04-17 17:36:51,158  215:BoxPlotter                      	 Appending plot data [0.3207740783691406] for x tick label 20 with existing values: [[0.3619990348815918, 0.3006258010864258, 0.33545708656311035, 0.336777925491333, 0.265704870223999, 0.26415181159973145, 0.2851541042327881, 0.2505180835723877, 0.2790670394897461], 0, 9]
INFO       2020-04-17 17:36:51,159  180:BoxPlotter                      	 Aggregating over parameter to scenario ID dictionary {1: set([0, 1, 2, 3, 4, 5]), 2: set([6, 7, 8, 9, 10, 11]), 3: set([12, 13, 14, 15, 16, 17]), 4: set([18, 19, 20, 21, 22, 23]), 5: set([24, 25, 26, 27, 28, 29]), 6: set([32, 33, 34, 35, 30, 31]), 7: set([36, 37, 38, 39, 40, 41]), 8: set([42, 43, 44, 45, 46, 47]), 9: set([48, 49, 50, 51, 52, 53]), 10: set([54, 55, 56, 57, 58, 59])}
DEBUG      2020-04-17 17:36:51,159  209:BoxPlotter                      	 Feasibility ratio for scenario ids [0, 6, 12, 18, 24, 36, 42, 48, 54]: 1.0
DEBUG      2020-04-17 17:36:51,159  211:BoxPlotter                      	 Saving plot data [3.507690906524658, 3.034224033355713, 2.9932658672332764, 3.654404878616333, 3.608703136444092, 3.741974115371704, 3.682567834854126, 3.667667865753174, 3.7666709423065186] for x tick label 10
DEBUG      2020-04-17 17:36:51,159  209:BoxPlotter                      	 Feasibility ratio for scenario ids [1, 7, 13, 19, 25, 37, 43, 49, 55]: 1.0
DEBUG      2020-04-17 17:36:51,159  211:BoxPlotter                      	 Saving plot data [7.296788930892944, 6.0544960498809814, 6.2338950634002686, 7.340029954910278, 7.70965313911438, 7.675382137298584, 7.619038105010986, 7.6908910274505615, 6.60798192024231] for x tick label 20
DEBUG      2020-04-17 17:36:51,159  209:BoxPlotter                      	 Feasibility ratio for scenario ids [2, 8, 14, 20, 26, 32, 38, 44, 50, 56]: 1.0
DEBUG      2020-04-17 17:36:51,159  211:BoxPlotter                      	 Saving plot data [11.251773118972778, 9.418644189834595, 12.179162979125977, 12.164369106292725, 10.91825008392334, 9.419092893600464, 11.509371995925903, 12.071040868759155, 11.941519021987915, 12.042907953262329] for x tick label 30
DEBUG      2020-04-17 17:36:51,159  209:BoxPlotter                      	 Feasibility ratio for scenario ids [3, 9, 15, 21, 27, 33, 39, 45, 51, 57]: 1.0
DEBUG      2020-04-17 17:36:51,159  211:BoxPlotter                      	 Saving plot data [14.380383014678955, 12.05561089515686, 14.04076600074768, 14.576952934265137, 13.758550882339478, 11.940908908843994, 14.365208148956299, 14.416420936584473, 14.065301895141602, 14.79518985748291] for x tick label 40
DEBUG      2020-04-17 17:36:51,159  209:BoxPlotter                      	 Feasibility ratio for scenario ids [4, 10, 16, 22, 28, 34, 40, 46, 52, 58]: 1.0
DEBUG      2020-04-17 17:36:51,159  211:BoxPlotter                      	 Saving plot data [17.002860069274902, 14.613737106323242, 18.223691940307617, 19.008025884628296, 18.038416862487793, 18.100219011306763, 18.931409120559692, 18.26807999610901, 19.11951208114624, 14.904226779937744] for x tick label 50
DEBUG      2020-04-17 17:36:51,160  209:BoxPlotter                      	 Feasibility ratio for scenario ids [5, 11, 17, 23, 29, 35, 41, 47, 53, 59]: 0.5
DEBUG      2020-04-17 17:36:51,160  211:BoxPlotter                      	 Saving plot data [18.56446599960327, 17.625859022140503, 22.373738050460815, 22.609276056289673, 22.609359979629517] for x tick label 60
DEBUG      2020-04-17 17:36:51,160  209:BoxPlotter                      	 Feasibility ratio for scenario ids [30]: 1.0
DEBUG      2020-04-17 17:36:51,160  215:BoxPlotter                      	 Appending plot data [2.9925220012664795] for x tick label 10 with existing values: [[3.507690906524658, 3.034224033355713, 2.9932658672332764, 3.654404878616333, 3.608703136444092, 3.741974115371704, 3.682567834854126, 3.667667865753174, 3.7666709423065186], 0, 9]
DEBUG      2020-04-17 17:36:51,160  209:BoxPlotter                      	 Feasibility ratio for scenario ids [31]: 1.0
DEBUG      2020-04-17 17:36:51,160  215:BoxPlotter                      	 Appending plot data [6.387289047241211] for x tick label 20 with existing values: [[7.296788930892944, 6.0544960498809814, 6.2338950634002686, 7.340029954910278, 7.70965313911438, 7.675382137298584, 7.619038105010986, 7.6908910274505615, 6.60798192024231], 0, 9]
INFO       2020-04-17 17:36:51,160  246:BoxPlotter                      	 Plotting data: {40: [[0.04690841843528031, 0.04531491481135619, 0.04783378567281338, 0.045443444287333705, 0.046436718110257506, 0.0571989123349701, 0.04209969619290962, 0.03862858612186393, 0.04769203225431565, 0.06108058969899279], 0, 10], 10: [[0.05831785084638577, 0.054515718356199346, 0.06842666555791563, 0.054860861245517506, 0.060706006964324384, 0.052600268225942604, 0.05278512766796482, 0.04788708076816218, 0.04533690817323069, 0.06664110806420914], 0, 10], 50: [[0.05694317690975232, 0.0583348353723867, 0.05536864028883674, 0.044952690696378604, 0.0559455339672934, 0.047208098873122294, 0.05165648593520094, 0.0634256029292729, 0.05033140903514252, 0.06382048633898646], 0, 10], 20: [[0.04961073128331426, 0.0496533152569049, 0.05381179553897332, 0.045882363908615637, 0.034463920156921735, 0.0344154606082847, 0.03742652291570038, 0.032573349781999376, 0.04223181038599345, 0.05022069237772932], 0, 10], 60: [[0.09008186911775294, 0.07501801984630739, 0.06912979364659157, 0.05205261822932166, 0.0669978757579218], 5, 10], 30: [[0.043319825711911106, 0.04833913632005462, 0.04122532707091142, 0.041011827625226614, 0.037038366649590364, 0.06198581455085195, 0.03979139411115407, 0.03927017813585981, 0.03632661594241195, 0.033015514035117904], 0, 10]}
DEBUG      2020-04-17 17:36:52,605 1346:matplotlib.font_manager         	 findfont: Matching :family=sans-serif:style=normal:variant=normal:weight=normal:stretch=normal:size=16.0 to DejaVu Sans (u'/home/balazs/university/stefan-collaboration-code/venv/local/lib/python2.7/site-packages/matplotlib/mpl-data/fonts/ttf/DejaVuSans.ttf') with score of 0.050000
DEBUG      2020-04-17 17:36:52,611  658:matplotlib.backends.backend_pdf 	 Assigning font /F1 = u'/home/balazs/university/stefan-collaboration-code/venv/local/lib/python2.7/site-packages/matplotlib/mpl-data/fonts/ttf/DejaVuSans.ttf'
DEBUG      2020-04-17 17:36:52,627 1346:matplotlib.font_manager         	 findfont: Matching :family=sans-serif:style=normal:variant=normal:weight=normal:stretch=normal:size=20.0 to DejaVu Sans (u'/home/balazs/university/stefan-collaboration-code/venv/local/lib/python2.7/site-packages/matplotlib/mpl-data/fonts/ttf/DejaVuSans.ttf') with score of 0.050000
DEBUG      2020-04-17 17:36:52,685  710:matplotlib.backends.backend_pdf 	 Embedding font /home/balazs/university/stefan-collaboration-code/venv/local/lib/python2.7/site-packages/matplotlib/mpl-data/fonts/ttf/DejaVuSans.ttf.
DEBUG      2020-04-17 17:36:52,686  717:matplotlib.backends.backend_pdf 	 Writing TrueType font.
