INFO       2020-04-17 17:36:15,822  398:root                            	 Initialized Root Logger
DEBUG      2020-04-17 17:36:15,823  422:BoxPlotter                      	 Created logger BoxPlotter
INFO       2020-04-17 17:36:15,823  146:BoxPlotter                      	 
Will read from ..
	/home/balazs/university/stefan-collaboration-code/alib_experiment_home/input/arbitrary-synthetic_result_reduced.pickle 
		and save plot with name Substrate_size-to-preprocess_runtime.pdf into
	/home/balazs/university/stefan-collaboration-code/evaluation-fog-model-2019/results/synthetic/arbitrary_fixed_relative/plots

INFO       2020-04-17 17:36:15,823  148:BoxPlotter                      	 Reading pickle file at /home/balazs/university/stefan-collaboration-code/alib_experiment_home/input/arbitrary-synthetic_result_reduced.pickle
DEBUG      2020-04-17 17:36:15,955  422:alib.scenariogeneration         	 Created logger alib.scenariogeneration
DEBUG      2020-04-17 17:36:15,959  422:alib.run_experiment             	 Created logger alib.run_experiment
INFO       2020-04-17 17:36:15,959  146:BoxPlotter                      	 
Will read from ..
	/home/balazs/university/stefan-collaboration-code/alib_experiment_home/input/fixed-synthetic_result_reduced.pickle 
		and save plot with name Substrate_size-to-preprocess_runtime.pdf into
	/home/balazs/university/stefan-collaboration-code/evaluation-fog-model-2019/results/synthetic/arbitrary_fixed_relative/plots

INFO       2020-04-17 17:36:15,959  148:BoxPlotter                      	 Reading pickle file at /home/balazs/university/stefan-collaboration-code/alib_experiment_home/input/fixed-synthetic_result_reduced.pickle
INFO       2020-04-17 17:36:15,963  180:BoxPlotter                      	 Aggregating over parameter to scenario ID dictionary {1: set([0, 1, 2, 3, 4, 5]), 2: set([6, 7, 8, 9, 10, 11]), 3: set([12, 13, 14, 15, 16, 17]), 4: set([18, 19, 20, 21, 22, 23]), 5: set([24, 25, 26, 27, 28, 29]), 6: set([32, 33, 34, 35, 30, 31]), 7: set([36, 37, 38, 39, 40, 41]), 8: set([42, 43, 44, 45, 46, 47]), 9: set([48, 49, 50, 51, 52, 53]), 10: set([54, 55, 56, 57, 58, 59])}
DEBUG      2020-04-17 17:36:15,963  209:BoxPlotter                      	 Feasibility ratio for scenario ids [0, 6, 12, 18, 24, 36, 42, 48, 54]: 1.0
DEBUG      2020-04-17 17:36:15,963  211:BoxPlotter                      	 Saving plot data [1.0892610549926758, 1.0939061641693115, 1.1015348434448242, 1.0617661476135254, 1.0611109733581543, 1.1624269485473633, 0.9819459915161133, 1.107522964477539, 1.1036791801452637] for x tick label 10
DEBUG      2020-04-17 17:36:15,963  209:BoxPlotter                      	 Feasibility ratio for scenario ids [1, 7, 13, 19, 25, 37, 43, 49, 55]: 1.0
DEBUG      2020-04-17 17:36:15,963  211:BoxPlotter                      	 Saving plot data [3.901217222213745, 2.991218090057373, 4.245416879653931, 3.7628231048583984, 3.4592909812927246, 3.6917848587036133, 4.1190338134765625, 3.4453489780426025, 3.7424919605255127] for x tick label 20
DEBUG      2020-04-17 17:36:15,963  209:BoxPlotter                      	 Feasibility ratio for scenario ids [2, 8, 14, 20, 26, 32, 38, 44, 50, 56]: 1.0
DEBUG      2020-04-17 17:36:15,963  211:BoxPlotter                      	 Saving plot data [18.670319080352783, 13.979149103164673, 18.895519018173218, 15.484871864318848, 13.60605502128601, 15.976395845413208, 12.48031497001648, 17.55305504798889, 12.820425987243652, 13.449706077575684] for x tick label 30
DEBUG      2020-04-17 17:36:15,963  209:BoxPlotter                      	 Feasibility ratio for scenario ids [3, 9, 15, 21, 27, 33, 39, 45, 51, 57]: 1.0
DEBUG      2020-04-17 17:36:15,963  211:BoxPlotter                      	 Saving plot data [45.299960136413574, 37.33785104751587, 53.772157192230225, 52.761752128601074, 32.918522119522095, 47.483322858810425, 38.135534048080444, 49.398585081100464, 38.79580092430115, 37.72951602935791] for x tick label 40
DEBUG      2020-04-17 17:36:15,963  209:BoxPlotter                      	 Feasibility ratio for scenario ids [4, 10, 16, 22, 28, 34, 40, 46, 52, 58]: 1.0
DEBUG      2020-04-17 17:36:15,964  211:BoxPlotter                      	 Saving plot data [96.96643400192261, 98.28652691841125, 116.10273098945618, 89.2393159866333, 104.25768709182739, 99.66225695610046, 87.62821912765503, 98.84556913375854, 81.06117820739746, 94.51840615272522] for x tick label 50
DEBUG      2020-04-17 17:36:15,964  209:BoxPlotter                      	 Feasibility ratio for scenario ids [5, 11, 17, 23, 29, 35, 41, 47, 53, 59]: 0.5
DEBUG      2020-04-17 17:36:15,964  211:BoxPlotter                      	 Saving plot data [132.127347946167, 199.76694989204407, 207.6191589832306, 197.61067605018616, 195.24958109855652] for x tick label 60
DEBUG      2020-04-17 17:36:15,964  209:BoxPlotter                      	 Feasibility ratio for scenario ids [30]: 1.0
DEBUG      2020-04-17 17:36:15,964  215:BoxPlotter                      	 Appending plot data [1.0328688621520996] for x tick label 10 with existing values: [[1.0892610549926758, 1.0939061641693115, 1.1015348434448242, 1.0617661476135254, 1.0611109733581543, 1.1624269485473633, 0.9819459915161133, 1.107522964477539, 1.1036791801452637], 0, 9]
DEBUG      2020-04-17 17:36:15,964  209:BoxPlotter                      	 Feasibility ratio for scenario ids [31]: 1.0
DEBUG      2020-04-17 17:36:15,964  215:BoxPlotter                      	 Appending plot data [4.577847003936768] for x tick label 20 with existing values: [[3.901217222213745, 2.991218090057373, 4.245416879653931, 3.7628231048583984, 3.4592909812927246, 3.6917848587036133, 4.1190338134765625, 3.4453489780426025, 3.7424919605255127], 0, 9]
INFO       2020-04-17 17:36:15,964  180:BoxPlotter                      	 Aggregating over parameter to scenario ID dictionary {1: set([0, 1, 2, 3, 4, 5]), 2: set([6, 7, 8, 9, 10, 11]), 3: set([12, 13, 14, 15, 16, 17]), 4: set([18, 19, 20, 21, 22, 23]), 5: set([24, 25, 26, 27, 28, 29]), 6: set([32, 33, 34, 35, 30, 31]), 7: set([36, 37, 38, 39, 40, 41]), 8: set([42, 43, 44, 45, 46, 47]), 9: set([48, 49, 50, 51, 52, 53]), 10: set([54, 55, 56, 57, 58, 59])}
DEBUG      2020-04-17 17:36:15,964  209:BoxPlotter                      	 Feasibility ratio for scenario ids [0, 6, 12, 18, 24, 36, 42, 48, 54]: 1.0
DEBUG      2020-04-17 17:36:15,964  211:BoxPlotter                      	 Saving plot data [1.008908987045288, 1.1927731037139893, 1.1048619747161865, 1.1059119701385498, 1.0958480834960938, 1.051069974899292, 0.8910350799560547, 1.0661962032318115, 1.0894830226898193] for x tick label 10
DEBUG      2020-04-17 17:36:15,964  209:BoxPlotter                      	 Feasibility ratio for scenario ids [1, 7, 13, 19, 25, 37, 43, 49, 55]: 1.0
DEBUG      2020-04-17 17:36:15,964  211:BoxPlotter                      	 Saving plot data [4.17488694190979, 3.2975170612335205, 3.9214260578155518, 3.770158052444458, 4.092142105102539, 4.5425920486450195, 4.353837013244629, 4.021115064620972, 4.264920949935913] for x tick label 20
DEBUG      2020-04-17 17:36:15,965  209:BoxPlotter                      	 Feasibility ratio for scenario ids [2, 8, 14, 20, 26, 32, 38, 44, 50, 56]: 1.0
DEBUG      2020-04-17 17:36:15,965  211:BoxPlotter                      	 Saving plot data [19.16851806640625, 14.342035055160522, 19.019180059432983, 15.890870094299316, 17.43519687652588, 13.671083927154541, 15.762670040130615, 17.78286385536194, 15.983397006988525, 17.09635615348816] for x tick label 30
DEBUG      2020-04-17 17:36:15,965  209:BoxPlotter                      	 Feasibility ratio for scenario ids [3, 9, 15, 21, 27, 33, 39, 45, 51, 57]: 1.0
DEBUG      2020-04-17 17:36:15,965  211:BoxPlotter                      	 Saving plot data [46.44060707092285, 38.10900402069092, 53.107370138168335, 54.17776703834534, 41.22236704826355, 41.6948778629303, 49.71202301979065, 51.423884868621826, 48.54499697685242, 44.94308805465698] for x tick label 40
DEBUG      2020-04-17 17:36:15,965  209:BoxPlotter                      	 Feasibility ratio for scenario ids [4, 10, 16, 22, 28, 34, 40, 46, 52, 58]: 1.0
DEBUG      2020-04-17 17:36:15,965  211:BoxPlotter                      	 Saving plot data [101.82951211929321, 99.9537889957428, 118.30612707138062, 114.11482691764832, 110.90555906295776, 102.2173388004303, 113.01801490783691, 99.4286379814148, 101.89389491081238, 78.07066106796265] for x tick label 50
DEBUG      2020-04-17 17:36:15,965  209:BoxPlotter                      	 Feasibility ratio for scenario ids [5, 11, 17, 23, 29, 35, 41, 47, 53, 59]: 0.5
DEBUG      2020-04-17 17:36:15,965  211:BoxPlotter                      	 Saving plot data [174.67158818244934, 172.2453269958496, 212.81593489646912, 217.13172698020935, 242.2583680152893] for x tick label 60
DEBUG      2020-04-17 17:36:15,965  209:BoxPlotter                      	 Feasibility ratio for scenario ids [30]: 1.0
DEBUG      2020-04-17 17:36:15,965  215:BoxPlotter                      	 Appending plot data [1.1284751892089844] for x tick label 10 with existing values: [[1.008908987045288, 1.1927731037139893, 1.1048619747161865, 1.1059119701385498, 1.0958480834960938, 1.051069974899292, 0.8910350799560547, 1.0661962032318115, 1.0894830226898193], 0, 9]
DEBUG      2020-04-17 17:36:15,965  209:BoxPlotter                      	 Feasibility ratio for scenario ids [31]: 1.0
DEBUG      2020-04-17 17:36:15,965  215:BoxPlotter                      	 Appending plot data [3.951979160308838] for x tick label 20 with existing values: [[4.17488694190979, 3.2975170612335205, 3.9214260578155518, 3.770158052444458, 4.092142105102539, 4.5425920486450195, 4.353837013244629, 4.021115064620972, 4.264920949935913], 0, 9]
INFO       2020-04-17 17:36:15,966  246:BoxPlotter                      	 Plotting data: {40: [[0.9754385869080627, 0.9797645466473918, 1.0125177927721205, 0.9738635424242927, 0.7985597256213057, 1.1388286833435353, 0.7671289907654425, 0.9606155817924761, 0.7991719711672872, 0.8394954076914702], 0, 10], 10: [[1.0796425336468738, 0.9171116960662246, 0.9969886453262934, 0.9600819742284789, 0.9683011626692658, 1.1059462988263373, 1.1020284314334092, 1.0387609345451236, 1.0130301777630233, 0.915278308312741], 0, 10], 50: [[0.9522429400263304, 0.9833196710791768, 0.9813754694159246, 0.7820133316333505, 0.9400582619365674, 0.9750034399807807, 0.7753473567830176, 0.994135805744767, 0.7955449958837105, 1.2106776714807674], 0, 10], 20: [[0.9344485914220098, 0.9071122406682656, 1.082620663264236, 0.9980544721245032, 0.8453496707700583, 0.8127044689836966, 0.9460698232263217, 0.8568143220660012, 0.8775055867288113, 1.1583682044464576], 0, 10], 60: [[0.7564329684124489, 1.1597815358837433, 0.9755808891107395, 0.9100958151002849, 0.805955982854776], 5, 10], 30: [[0.9740095199677129, 0.9746977363672475, 0.9934980876739514, 0.9744508496028725, 0.7803786282221289, 1.1686268572808394, 0.7917640182940138, 0.9870769517642258, 0.8021089622961936, 0.78670015743861], 0, 10]}
