INFO       2020-04-17 17:36:43,190  398:root                            	 Initialized Root Logger
DEBUG      2020-04-17 17:36:43,190  422:BoxPlotter                      	 Created logger BoxPlotter
INFO       2020-04-17 17:36:43,190  146:BoxPlotter                      	 
Will read from ..
	/home/balazs/university/stefan-collaboration-code/alib_experiment_home/input/arbitrary-synthetic_result_reduced.pickle 
		and save plot with name Substrate_size-to-max_node_load.pdf into
	/home/balazs/university/stefan-collaboration-code/evaluation-fog-model-2019/results/synthetic/arbitrary_fixed_relative/plots

INFO       2020-04-17 17:36:43,190  148:BoxPlotter                      	 Reading pickle file at /home/balazs/university/stefan-collaboration-code/alib_experiment_home/input/arbitrary-synthetic_result_reduced.pickle
DEBUG      2020-04-17 17:36:43,372  422:alib.scenariogeneration         	 Created logger alib.scenariogeneration
DEBUG      2020-04-17 17:36:43,376  422:alib.run_experiment             	 Created logger alib.run_experiment
INFO       2020-04-17 17:36:43,377  146:BoxPlotter                      	 
Will read from ..
	/home/balazs/university/stefan-collaboration-code/alib_experiment_home/input/fixed-synthetic_result_reduced.pickle 
		and save plot with name Substrate_size-to-max_node_load.pdf into
	/home/balazs/university/stefan-collaboration-code/evaluation-fog-model-2019/results/synthetic/arbitrary_fixed_relative/plots

INFO       2020-04-17 17:36:43,378  148:BoxPlotter                      	 Reading pickle file at /home/balazs/university/stefan-collaboration-code/alib_experiment_home/input/fixed-synthetic_result_reduced.pickle
INFO       2020-04-17 17:36:43,385  180:BoxPlotter                      	 Aggregating over parameter to scenario ID dictionary {1: set([0, 1, 2, 3, 4, 5]), 2: set([6, 7, 8, 9, 10, 11]), 3: set([12, 13, 14, 15, 16, 17]), 4: set([18, 19, 20, 21, 22, 23]), 5: set([24, 25, 26, 27, 28, 29]), 6: set([32, 33, 34, 35, 30, 31]), 7: set([36, 37, 38, 39, 40, 41]), 8: set([42, 43, 44, 45, 46, 47]), 9: set([48, 49, 50, 51, 52, 53]), 10: set([54, 55, 56, 57, 58, 59])}
DEBUG      2020-04-17 17:36:43,386  209:BoxPlotter                      	 Feasibility ratio for scenario ids [0, 6, 12, 18, 24, 36, 42, 48, 54]: 1.0
DEBUG      2020-04-17 17:36:43,386  211:BoxPlotter                      	 Saving plot data [1.2290407695477008, 1.3402936616216452, 1.4829328257918992, 1.5447601535113424, 1.0628402155065182, 1.6537593310704433, 1.07746617640129, 0.92519191770517, 1.6762095513250066] for x tick label 10
DEBUG      2020-04-17 17:36:43,386  209:BoxPlotter                      	 Feasibility ratio for scenario ids [1, 7, 13, 19, 25, 37, 43, 49, 55]: 1.0
DEBUG      2020-04-17 17:36:43,387  211:BoxPlotter                      	 Saving plot data [2.2095228453167453, 1.907752474364097, 2.20848673890077, 2.0925573332804435, 1.6962591598175505, 1.9020687883844887, 2.227382331495128, 1.949153622778716, 1.7315119874127707] for x tick label 20
DEBUG      2020-04-17 17:36:43,387  209:BoxPlotter                      	 Feasibility ratio for scenario ids [2, 8, 14, 20, 26, 32, 38, 44, 50, 56]: 1.0
DEBUG      2020-04-17 17:36:43,387  211:BoxPlotter                      	 Saving plot data [2.743051043515271, 2.7364824944270527, 2.957234434684006, 2.7774749107277117, 2.486847339731, 2.616041241370171, 2.4519833776587836, 2.779810238435171, 2.3244279006618456, 2.81008399338878] for x tick label 30
DEBUG      2020-04-17 17:36:43,387  209:BoxPlotter                      	 Feasibility ratio for scenario ids [3, 9, 15, 21, 27, 33, 39, 45, 51, 57]: 1.0
DEBUG      2020-04-17 17:36:43,387  211:BoxPlotter                      	 Saving plot data [3.914503393779245, 3.640663704355156, 4.250317754570139, 3.652495153153435, 3.435406123283643, 3.6444250162155973, 3.9637195038302, 3.2104066702805722, 3.230508319525277, 3.5973837116772516] for x tick label 40
DEBUG      2020-04-17 17:36:43,387  209:BoxPlotter                      	 Feasibility ratio for scenario ids [4, 10, 16, 22, 28, 34, 40, 46, 52, 58]: 1.0
DEBUG      2020-04-17 17:36:43,387  211:BoxPlotter                      	 Saving plot data [3.742564429006489, 4.300293233666908, 3.8420072129705387, 4.695248758803923, 3.8506097252247917, 4.65633295941219, 4.03213448140219, 4.706520307149143, 3.879251982783389, 4.333453578213944] for x tick label 50
DEBUG      2020-04-17 17:36:43,387  209:BoxPlotter                      	 Feasibility ratio for scenario ids [5, 11, 17, 23, 29, 35, 41, 47, 53, 59]: 0.5
DEBUG      2020-04-17 17:36:43,387  211:BoxPlotter                      	 Saving plot data [4.744251465581672, 4.804335593613838, 4.936845485435292, 4.69902946817121, 4.70475077396906] for x tick label 60
DEBUG      2020-04-17 17:36:43,387  209:BoxPlotter                      	 Feasibility ratio for scenario ids [30]: 1.0
DEBUG      2020-04-17 17:36:43,387  215:BoxPlotter                      	 Appending plot data [1.3870458086681847] for x tick label 10 with existing values: [[1.2290407695477008, 1.3402936616216452, 1.4829328257918992, 1.5447601535113424, 1.0628402155065182, 1.6537593310704433, 1.07746617640129, 0.92519191770517, 1.6762095513250066], 0, 9]
DEBUG      2020-04-17 17:36:43,387  209:BoxPlotter                      	 Feasibility ratio for scenario ids [31]: 1.0
DEBUG      2020-04-17 17:36:43,388  215:BoxPlotter                      	 Appending plot data [2.1512254766041314] for x tick label 20 with existing values: [[2.2095228453167453, 1.907752474364097, 2.20848673890077, 2.0925573332804435, 1.6962591598175505, 1.9020687883844887, 2.227382331495128, 1.949153622778716, 1.7315119874127707], 0, 9]
INFO       2020-04-17 17:36:43,388  180:BoxPlotter                      	 Aggregating over parameter to scenario ID dictionary {1: set([0, 1, 2, 3, 4, 5]), 2: set([6, 7, 8, 9, 10, 11]), 3: set([12, 13, 14, 15, 16, 17]), 4: set([18, 19, 20, 21, 22, 23]), 5: set([24, 25, 26, 27, 28, 29]), 6: set([32, 33, 34, 35, 30, 31]), 7: set([36, 37, 38, 39, 40, 41]), 8: set([42, 43, 44, 45, 46, 47]), 9: set([48, 49, 50, 51, 52, 53]), 10: set([54, 55, 56, 57, 58, 59])}
DEBUG      2020-04-17 17:36:43,388  209:BoxPlotter                      	 Feasibility ratio for scenario ids [0, 6, 12, 18, 24, 36, 42, 48, 54]: 1.0
DEBUG      2020-04-17 17:36:43,388  211:BoxPlotter                      	 Saving plot data [1.2290407695477008, 1.3402936616216452, 1.665046661990206, 1.5447601535113424, 2.0643508269509976, 1.6537593310704433, 1.07746617640129, 1.5482502120907138, 1.104867398654038] for x tick label 10
DEBUG      2020-04-17 17:36:43,388  209:BoxPlotter                      	 Feasibility ratio for scenario ids [1, 7, 13, 19, 25, 37, 43, 49, 55]: 1.0
DEBUG      2020-04-17 17:36:43,388  211:BoxPlotter                      	 Saving plot data [2.2095228453167453, 1.907752474364097, 2.20848673890077, 2.0925573332804435, 1.6962591598175505, 1.9020687883844887, 2.227382331495128, 1.949153622778716, 1.7315119874127707] for x tick label 20
DEBUG      2020-04-17 17:36:43,388  209:BoxPlotter                      	 Feasibility ratio for scenario ids [2, 8, 14, 20, 26, 32, 38, 44, 50, 56]: 1.0
DEBUG      2020-04-17 17:36:43,388  211:BoxPlotter                      	 Saving plot data [2.743051043515271, 2.7364824944270527, 2.959058800366957, 2.7774749107277117, 2.486847339731, 2.616041241370171, 2.4519833776587836, 2.779810238435171, 2.3244279006618456, 2.749320419543197] for x tick label 30
DEBUG      2020-04-17 17:36:43,388  209:BoxPlotter                      	 Feasibility ratio for scenario ids [3, 9, 15, 21, 27, 33, 39, 45, 51, 57]: 1.0
DEBUG      2020-04-17 17:36:43,388  211:BoxPlotter                      	 Saving plot data [3.537155484210471, 3.640663704355156, 4.250317754570139, 3.652495153153435, 3.435406123283643, 3.6444250162155973, 3.8228433120043706, 3.2104066702805722, 3.230508319525277, 3.5973837116772516] for x tick label 40
DEBUG      2020-04-17 17:36:43,389  209:BoxPlotter                      	 Feasibility ratio for scenario ids [4, 10, 16, 22, 28, 34, 40, 46, 52, 58]: 1.0
DEBUG      2020-04-17 17:36:43,389  211:BoxPlotter                      	 Saving plot data [3.742564429006489, 4.300293233666908, 3.8420072129705387, 4.695248758803923, 3.8506097252247917, 4.65633295941219, 4.03213448140219, 4.706520307149143, 3.879251982783389, 4.714494640920209] for x tick label 50
DEBUG      2020-04-17 17:36:43,389  209:BoxPlotter                      	 Feasibility ratio for scenario ids [5, 11, 17, 23, 29, 35, 41, 47, 53, 59]: 0.5
DEBUG      2020-04-17 17:36:43,389  211:BoxPlotter                      	 Saving plot data [4.744251465581672, 4.804335593613838, 4.936845485435292, 4.69902946817121, 4.70475077396906] for x tick label 60
DEBUG      2020-04-17 17:36:43,389  209:BoxPlotter                      	 Feasibility ratio for scenario ids [30]: 1.0
DEBUG      2020-04-17 17:36:43,389  215:BoxPlotter                      	 Appending plot data [1.3870458086681847] for x tick label 10 with existing values: [[1.2290407695477008, 1.3402936616216452, 1.665046661990206, 1.5447601535113424, 2.0643508269509976, 1.6537593310704433, 1.07746617640129, 1.5482502120907138, 1.104867398654038], 0, 9]
DEBUG      2020-04-17 17:36:43,389  209:BoxPlotter                      	 Feasibility ratio for scenario ids [31]: 1.0
DEBUG      2020-04-17 17:36:43,389  215:BoxPlotter                      	 Appending plot data [2.1512254766041314] for x tick label 20 with existing values: [[2.2095228453167453, 1.907752474364097, 2.20848673890077, 2.0925573332804435, 1.6962591598175505, 1.9020687883844887, 2.227382331495128, 1.949153622778716, 1.7315119874127707], 0, 9]
INFO       2020-04-17 17:36:43,389  246:BoxPlotter                      	 Plotting data: {40: [[1.1066811767967848, 1.0, 1.0, 1.0, 1.0, 1.0, 1.0368511551031805, 1.0, 1.0, 1.0], 0, 10], 10: [[1.0, 1.0, 0.8906253858491697, 1.0, 0.5148544528530118, 1.0, 1.0, 0.5975726084066326, 1.517113776157197, 1.0], 0, 10], 50: [[1.0, 1.0, 1.0, 1.0, 1.0, 1.0, 1.0, 1.0, 1.0, 0.9191766898197405], 0, 10], 20: [[1.0, 1.0, 1.0, 1.0, 1.0, 1.0, 1.0, 1.0, 1.0, 1.0], 0, 10], 60: [[1.0, 1.0, 1.0, 1.0, 1.0], 5, 10], 30: [[1.0, 1.0, 0.9993834642006016, 1.0, 1.0, 1.0, 1.0, 1.0, 1.0, 1.0221013067133435], 0, 10]}
DEBUG      2020-04-17 17:36:44,889 1346:matplotlib.font_manager         	 findfont: Matching :family=sans-serif:style=normal:variant=normal:weight=normal:stretch=normal:size=16.0 to DejaVu Sans (u'/home/balazs/university/stefan-collaboration-code/venv/local/lib/python2.7/site-packages/matplotlib/mpl-data/fonts/ttf/DejaVuSans.ttf') with score of 0.050000
DEBUG      2020-04-17 17:36:44,897  658:matplotlib.backends.backend_pdf 	 Assigning font /F1 = u'/home/balazs/university/stefan-collaboration-code/venv/local/lib/python2.7/site-packages/matplotlib/mpl-data/fonts/ttf/DejaVuSans.ttf'
DEBUG      2020-04-17 17:36:44,916 1346:matplotlib.font_manager         	 findfont: Matching :family=sans-serif:style=normal:variant=normal:weight=normal:stretch=normal:size=20.0 to DejaVu Sans (u'/home/balazs/university/stefan-collaboration-code/venv/local/lib/python2.7/site-packages/matplotlib/mpl-data/fonts/ttf/DejaVuSans.ttf') with score of 0.050000
DEBUG      2020-04-17 17:36:44,973  710:matplotlib.backends.backend_pdf 	 Embedding font /home/balazs/university/stefan-collaboration-code/venv/local/lib/python2.7/site-packages/matplotlib/mpl-data/fonts/ttf/DejaVuSans.ttf.
DEBUG      2020-04-17 17:36:44,973  717:matplotlib.backends.backend_pdf 	 Writing TrueType font.
