INFO       2020-04-17 17:36:18,194  398:root                            	 Initialized Root Logger
DEBUG      2020-04-17 17:36:18,194  422:BoxPlotter                      	 Created logger BoxPlotter
INFO       2020-04-17 17:36:18,194  146:BoxPlotter                      	 
Will read from ..
	/home/balazs/university/stefan-collaboration-code/alib_experiment_home/input/arbitrary-synthetic_result_reduced.pickle 
		and save plot with name Substrate_size-to-optimization_runtime.pdf into
	/home/balazs/university/stefan-collaboration-code/evaluation-fog-model-2019/results/synthetic/arbitrary_fixed_relative/plots

INFO       2020-04-17 17:36:18,194  148:BoxPlotter                      	 Reading pickle file at /home/balazs/university/stefan-collaboration-code/alib_experiment_home/input/arbitrary-synthetic_result_reduced.pickle
DEBUG      2020-04-17 17:36:18,311  422:alib.scenariogeneration         	 Created logger alib.scenariogeneration
DEBUG      2020-04-17 17:36:18,314  422:alib.run_experiment             	 Created logger alib.run_experiment
INFO       2020-04-17 17:36:18,315  146:BoxPlotter                      	 
Will read from ..
	/home/balazs/university/stefan-collaboration-code/alib_experiment_home/input/fixed-synthetic_result_reduced.pickle 
		and save plot with name Substrate_size-to-optimization_runtime.pdf into
	/home/balazs/university/stefan-collaboration-code/evaluation-fog-model-2019/results/synthetic/arbitrary_fixed_relative/plots

INFO       2020-04-17 17:36:18,315  148:BoxPlotter                      	 Reading pickle file at /home/balazs/university/stefan-collaboration-code/alib_experiment_home/input/fixed-synthetic_result_reduced.pickle
INFO       2020-04-17 17:36:18,318  180:BoxPlotter                      	 Aggregating over parameter to scenario ID dictionary {1: set([0, 1, 2, 3, 4, 5]), 2: set([6, 7, 8, 9, 10, 11]), 3: set([12, 13, 14, 15, 16, 17]), 4: set([18, 19, 20, 21, 22, 23]), 5: set([24, 25, 26, 27, 28, 29]), 6: set([32, 33, 34, 35, 30, 31]), 7: set([36, 37, 38, 39, 40, 41]), 8: set([42, 43, 44, 45, 46, 47]), 9: set([48, 49, 50, 51, 52, 53]), 10: set([54, 55, 56, 57, 58, 59])}
DEBUG      2020-04-17 17:36:18,319  209:BoxPlotter                      	 Feasibility ratio for scenario ids [0, 6, 12, 18, 24, 36, 42, 48, 54]: 1.0
DEBUG      2020-04-17 17:36:18,319  211:BoxPlotter                      	 Saving plot data [0.3144412040710449, 0.41596293449401855, 0.36429595947265625, 0.34346795082092285, 0.36464595794677734, 0.28472280502319336, 0.4249899387359619, 0.3536489009857178, 0.26902294158935547] for x tick label 10
DEBUG      2020-04-17 17:36:18,319  209:BoxPlotter                      	 Feasibility ratio for scenario ids [1, 7, 13, 19, 25, 37, 43, 49, 55]: 1.0
DEBUG      2020-04-17 17:36:18,319  211:BoxPlotter                      	 Saving plot data [2.4266891479492188, 2.1372787952423096, 1.2581090927124023, 1.9690730571746826, 1.1142759323120117, 1.0397489070892334, 1.1943368911743164, 1.6423001289367676, 1.191702127456665] for x tick label 20
DEBUG      2020-04-17 17:36:18,319  209:BoxPlotter                      	 Feasibility ratio for scenario ids [2, 8, 14, 20, 26, 32, 38, 44, 50, 56]: 1.0
DEBUG      2020-04-17 17:36:18,319  211:BoxPlotter                      	 Saving plot data [3.8899059295654297, 4.252504825592041, 3.979879140853882, 4.345166921615601, 2.7881150245666504, 8.305320978164673, 5.9286768436431885, 4.013051986694336, 4.065743923187256, 2.777869939804077] for x tick label 30
DEBUG      2020-04-17 17:36:18,319  209:BoxPlotter                      	 Feasibility ratio for scenario ids [3, 9, 15, 21, 27, 33, 39, 45, 51, 57]: 1.0
DEBUG      2020-04-17 17:36:18,319  211:BoxPlotter                      	 Saving plot data [7.674261093139648, 8.555675983428955, 11.451255083084106, 8.853649854660034, 14.799242973327637, 12.927180051803589, 13.929772138595581, 10.921182870864868, 18.00273108482361, 22.103979110717773] for x tick label 40
DEBUG      2020-04-17 17:36:18,319  209:BoxPlotter                      	 Feasibility ratio for scenario ids [4, 10, 16, 22, 28, 34, 40, 46, 52, 58]: 1.0
DEBUG      2020-04-17 17:36:18,320  211:BoxPlotter                      	 Saving plot data [41.78076195716858, 37.16650414466858, 26.36165499687195, 34.836508989334106, 48.18537187576294, 36.3397159576416, 50.851372957229614, 54.75864005088806, 61.723140001297, 41.21421504020691] for x tick label 50
DEBUG      2020-04-17 17:36:18,320  209:BoxPlotter                      	 Feasibility ratio for scenario ids [5, 11, 17, 23, 29, 35, 41, 47, 53, 59]: 0.5
DEBUG      2020-04-17 17:36:18,320  211:BoxPlotter                      	 Saving plot data [103.69642901420593, 58.01774501800537, 100.96992993354797, 101.82042598724365, 119.10456991195679] for x tick label 60
DEBUG      2020-04-17 17:36:18,320  209:BoxPlotter                      	 Feasibility ratio for scenario ids [30]: 1.0
DEBUG      2020-04-17 17:36:18,320  215:BoxPlotter                      	 Appending plot data [0.3134799003601074] for x tick label 10 with existing values: [[0.3144412040710449, 0.41596293449401855, 0.36429595947265625, 0.34346795082092285, 0.36464595794677734, 0.28472280502319336, 0.4249899387359619, 0.3536489009857178, 0.26902294158935547], 0, 9]
DEBUG      2020-04-17 17:36:18,320  209:BoxPlotter                      	 Feasibility ratio for scenario ids [31]: 1.0
DEBUG      2020-04-17 17:36:18,320  215:BoxPlotter                      	 Appending plot data [1.763822078704834] for x tick label 20 with existing values: [[2.4266891479492188, 2.1372787952423096, 1.2581090927124023, 1.9690730571746826, 1.1142759323120117, 1.0397489070892334, 1.1943368911743164, 1.6423001289367676, 1.191702127456665], 0, 9]
INFO       2020-04-17 17:36:18,320  180:BoxPlotter                      	 Aggregating over parameter to scenario ID dictionary {1: set([0, 1, 2, 3, 4, 5]), 2: set([6, 7, 8, 9, 10, 11]), 3: set([12, 13, 14, 15, 16, 17]), 4: set([18, 19, 20, 21, 22, 23]), 5: set([24, 25, 26, 27, 28, 29]), 6: set([32, 33, 34, 35, 30, 31]), 7: set([36, 37, 38, 39, 40, 41]), 8: set([42, 43, 44, 45, 46, 47]), 9: set([48, 49, 50, 51, 52, 53]), 10: set([54, 55, 56, 57, 58, 59])}
DEBUG      2020-04-17 17:36:18,320  209:BoxPlotter                      	 Feasibility ratio for scenario ids [0, 6, 12, 18, 24, 36, 42, 48, 54]: 1.0
DEBUG      2020-04-17 17:36:18,320  211:BoxPlotter                      	 Saving plot data [0.3108398914337158, 0.3936479091644287, 0.31981897354125977, 0.31157588958740234, 0.32364892959594727, 0.2877531051635742, 0.3096158504486084, 0.32302284240722656, 0.28226304054260254] for x tick label 10
DEBUG      2020-04-17 17:36:18,320  209:BoxPlotter                      	 Feasibility ratio for scenario ids [1, 7, 13, 19, 25, 37, 43, 49, 55]: 1.0
DEBUG      2020-04-17 17:36:18,320  211:BoxPlotter                      	 Saving plot data [2.3513100147247314, 1.986433982849121, 1.072633981704712, 1.8379900455474854, 1.1980340480804443, 1.1831700801849365, 1.2699439525604248, 1.9816780090332031, 1.1063599586486816] for x tick label 20
DEBUG      2020-04-17 17:36:18,321  209:BoxPlotter                      	 Feasibility ratio for scenario ids [2, 8, 14, 20, 26, 32, 38, 44, 50, 56]: 1.0
DEBUG      2020-04-17 17:36:18,321  211:BoxPlotter                      	 Saving plot data [3.159762144088745, 4.111636161804199, 3.651418924331665, 4.720985174179077, 3.5449938774108887, 7.09740686416626, 6.240916967391968, 4.004734039306641, 4.143959999084473, 3.6718921661376953] for x tick label 30
DEBUG      2020-04-17 17:36:18,321  209:BoxPlotter                      	 Feasibility ratio for scenario ids [3, 9, 15, 21, 27, 33, 39, 45, 51, 57]: 1.0
DEBUG      2020-04-17 17:36:18,321  211:BoxPlotter                      	 Saving plot data [6.93189001083374, 8.846215963363647, 10.650005102157593, 7.9140050411224365, 16.71889305114746, 11.611651182174683, 16.111133813858032, 11.395081043243408, 21.164865970611572, 21.888136863708496] for x tick label 40
DEBUG      2020-04-17 17:36:18,321  209:BoxPlotter                      	 Feasibility ratio for scenario ids [4, 10, 16, 22, 28, 34, 40, 46, 52, 58]: 1.0
DEBUG      2020-04-17 17:36:18,321  211:BoxPlotter                      	 Saving plot data [46.24761700630188, 32.8206729888916, 27.689120054244995, 39.85507798194885, 48.621521949768066, 40.59245300292969, 57.31600093841553, 53.95464897155762, 74.42964887619019, 35.993221044540405] for x tick label 50
DEBUG      2020-04-17 17:36:18,321  209:BoxPlotter                      	 Feasibility ratio for scenario ids [5, 11, 17, 23, 29, 35, 41, 47, 53, 59]: 0.5
DEBUG      2020-04-17 17:36:18,321  211:BoxPlotter                      	 Saving plot data [113.33060193061829, 51.3777289390564, 99.36375784873962, 113.72752618789673, 131.3172299861908] for x tick label 60
DEBUG      2020-04-17 17:36:18,321  209:BoxPlotter                      	 Feasibility ratio for scenario ids [30]: 1.0
DEBUG      2020-04-17 17:36:18,321  215:BoxPlotter                      	 Appending plot data [0.31261706352233887] for x tick label 10 with existing values: [[0.3108398914337158, 0.3936479091644287, 0.31981897354125977, 0.31157588958740234, 0.32364892959594727, 0.2877531051635742, 0.3096158504486084, 0.32302284240722656, 0.28226304054260254], 0, 9]
DEBUG      2020-04-17 17:36:18,321  209:BoxPlotter                      	 Feasibility ratio for scenario ids [31]: 1.0
DEBUG      2020-04-17 17:36:18,321  215:BoxPlotter                      	 Appending plot data [1.3888030052185059] for x tick label 20 with existing values: [[2.3513100147247314, 1.986433982849121, 1.072633981704712, 1.8379900455474854, 1.1980340480804443, 1.1831700801849365, 1.2699439525604248, 1.9816780090332031, 1.1063599586486816], 0, 9]
INFO       2020-04-17 17:36:18,322  246:BoxPlotter                      	 Plotting data: {40: [[1.1070950463936484, 0.9671565807190379, 1.0752347039499717, 1.1187318947429339, 0.8851807908605485, 1.1132938674258839, 0.8646053281870114, 0.9584120401969819, 0.8505950904589361, 1.009861152109623], 0, 10], 10: [[1.0115857479576331, 1.056687778113585, 1.1390692535809122, 1.1023572821239567, 1.1266712928790217, 0.9894690966456877, 1.3726362462392858, 1.094810813842947, 0.953093047790475, 1.0027600439593627], 0, 10], 50: [[0.9034143737930405, 1.1324113968427112, 0.9520582432821105, 0.8740795590743103, 0.9910296910397884, 0.8952333074086173, 0.8872107635678913, 1.0149012382557483, 0.8292816227572187, 1.145054925459594], 0, 10], 20: [[1.0320583558749958, 1.075937490848215, 1.1729155650214618, 1.0713186733218412, 0.9300870322486791, 0.8787822854062659, 0.9404642533761655, 0.8287421677238034, 1.0771377960137143, 1.2700304305773913], 0, 10], 60: [[0.9149905431340561, 1.1292391901328547, 1.0161645666345813, 0.8953015105509236, 0.9069987992016106], 5, 10], 30: [[1.2310755532161277, 1.034260975009527, 1.0899541310731242, 0.9203941044723093, 0.7864936078826094, 1.1701909073434962, 0.9499688706995789, 1.002077028663091, 0.9811252821179507, 0.7565227447095753], 0, 10]}
DEBUG      2020-04-17 17:36:19,928 1346:matplotlib.font_manager         	 findfont: Matching :family=sans-serif:style=normal:variant=normal:weight=normal:stretch=normal:size=16.0 to DejaVu Sans (u'/home/balazs/university/stefan-collaboration-code/venv/local/lib/python2.7/site-packages/matplotlib/mpl-data/fonts/ttf/DejaVuSans.ttf') with score of 0.050000
DEBUG      2020-04-17 17:36:19,934  658:matplotlib.backends.backend_pdf 	 Assigning font /F1 = u'/home/balazs/university/stefan-collaboration-code/venv/local/lib/python2.7/site-packages/matplotlib/mpl-data/fonts/ttf/DejaVuSans.ttf'
DEBUG      2020-04-17 17:36:19,948 1346:matplotlib.font_manager         	 findfont: Matching :family=sans-serif:style=normal:variant=normal:weight=normal:stretch=normal:size=20.0 to DejaVu Sans (u'/home/balazs/university/stefan-collaboration-code/venv/local/lib/python2.7/site-packages/matplotlib/mpl-data/fonts/ttf/DejaVuSans.ttf') with score of 0.050000
DEBUG      2020-04-17 17:36:19,998  710:matplotlib.backends.backend_pdf 	 Embedding font /home/balazs/university/stefan-collaboration-code/venv/local/lib/python2.7/site-packages/matplotlib/mpl-data/fonts/ttf/DejaVuSans.ttf.
DEBUG      2020-04-17 17:36:19,999  717:matplotlib.backends.backend_pdf 	 Writing TrueType font.
