INFO       2020-04-17 17:36:36,969  398:root                            	 Initialized Root Logger
DEBUG      2020-04-17 17:36:36,969  422:BoxPlotter                      	 Created logger BoxPlotter
INFO       2020-04-17 17:36:36,969  146:BoxPlotter                      	 
Will read from ..
	/home/balazs/university/stefan-collaboration-code/alib_experiment_home/input/arbitrary-synthetic_result_reduced.pickle 
		and save plot with name Substrate_size-to-best_fractional_cost.pdf into
	/home/balazs/university/stefan-collaboration-code/evaluation-fog-model-2019/results/synthetic/arbitrary_fixed_relative/plots

INFO       2020-04-17 17:36:36,970  148:BoxPlotter                      	 Reading pickle file at /home/balazs/university/stefan-collaboration-code/alib_experiment_home/input/arbitrary-synthetic_result_reduced.pickle
DEBUG      2020-04-17 17:36:37,099  422:alib.scenariogeneration         	 Created logger alib.scenariogeneration
DEBUG      2020-04-17 17:36:37,103  422:alib.run_experiment             	 Created logger alib.run_experiment
INFO       2020-04-17 17:36:37,104  146:BoxPlotter                      	 
Will read from ..
	/home/balazs/university/stefan-collaboration-code/alib_experiment_home/input/fixed-synthetic_result_reduced.pickle 
		and save plot with name Substrate_size-to-best_fractional_cost.pdf into
	/home/balazs/university/stefan-collaboration-code/evaluation-fog-model-2019/results/synthetic/arbitrary_fixed_relative/plots

INFO       2020-04-17 17:36:37,104  148:BoxPlotter                      	 Reading pickle file at /home/balazs/university/stefan-collaboration-code/alib_experiment_home/input/fixed-synthetic_result_reduced.pickle
INFO       2020-04-17 17:36:37,108  180:BoxPlotter                      	 Aggregating over parameter to scenario ID dictionary {1: set([0, 1, 2, 3, 4, 5]), 2: set([6, 7, 8, 9, 10, 11]), 3: set([12, 13, 14, 15, 16, 17]), 4: set([18, 19, 20, 21, 22, 23]), 5: set([24, 25, 26, 27, 28, 29]), 6: set([32, 33, 34, 35, 30, 31]), 7: set([36, 37, 38, 39, 40, 41]), 8: set([42, 43, 44, 45, 46, 47]), 9: set([48, 49, 50, 51, 52, 53]), 10: set([54, 55, 56, 57, 58, 59])}
DEBUG      2020-04-17 17:36:37,108  209:BoxPlotter                      	 Feasibility ratio for scenario ids [0, 6, 12, 18, 24, 36, 42, 48, 54]: 1.0
DEBUG      2020-04-17 17:36:37,109  211:BoxPlotter                      	 Saving plot data [4.03409710471916, 4.043017236490223, 3.9999999999999996, 4.0, 4.000000000000001, 3.999999999999999, 4.0, 4.072204341031898, 4.492073148962797] for x tick label 10
DEBUG      2020-04-17 17:36:37,109  209:BoxPlotter                      	 Feasibility ratio for scenario ids [1, 7, 13, 19, 25, 37, 43, 49, 55]: 1.0
DEBUG      2020-04-17 17:36:37,109  211:BoxPlotter                      	 Saving plot data [8.49597134039355, 8.560296833285452, 8.770062938152918, 9.058693519470998, 8.905406034992582, 9.01292367345772, 8.583710215164919, 8.174570845041709, 8.445090635581572] for x tick label 20
DEBUG      2020-04-17 17:36:37,109  209:BoxPlotter                      	 Feasibility ratio for scenario ids [2, 8, 14, 20, 26, 32, 38, 44, 50, 56]: 1.0
DEBUG      2020-04-17 17:36:37,109  211:BoxPlotter                      	 Saving plot data [13.262290839251268, 12.949657445110612, 13.086010640649961, 12.935017764593692, 13.40492651966944, 12.864680898853424, 13.103193100691334, 13.025946690159676, 12.79341461214455, 12.878712099131887] for x tick label 30
DEBUG      2020-04-17 17:36:37,109  209:BoxPlotter                      	 Feasibility ratio for scenario ids [3, 9, 15, 21, 27, 33, 39, 45, 51, 57]: 1.0
DEBUG      2020-04-17 17:36:37,109  211:BoxPlotter                      	 Saving plot data [19.570133938074058, 18.66485960385782, 17.391792907845154, 18.607398083894015, 17.997604678875433, 18.959746686182648, 19.619276688461238, 18.259986494744357, 18.289865891081043, 18.543268971538847] for x tick label 40
DEBUG      2020-04-17 17:36:37,110  209:BoxPlotter                      	 Feasibility ratio for scenario ids [4, 10, 16, 22, 28, 34, 40, 46, 52, 58]: 1.0
DEBUG      2020-04-17 17:36:37,110  211:BoxPlotter                      	 Saving plot data [23.711706151306046, 23.782208904047547, 23.66593623266922, 23.820632096158892, 22.27444358033135, 22.885367774556443, 23.530521293688583, 23.04093304633742, 23.331606878242834, 23.421499453299106] for x tick label 50
DEBUG      2020-04-17 17:36:37,110  209:BoxPlotter                      	 Feasibility ratio for scenario ids [5, 11, 17, 23, 29, 35, 41, 47, 53, 59]: 0.5
DEBUG      2020-04-17 17:36:37,110  211:BoxPlotter                      	 Saving plot data [31.317831652078077, 30.1886238186841, 29.31715852664698, 29.404845004878204, 29.109206545851706] for x tick label 60
DEBUG      2020-04-17 17:36:37,110  209:BoxPlotter                      	 Feasibility ratio for scenario ids [30]: 1.0
DEBUG      2020-04-17 17:36:37,110  215:BoxPlotter                      	 Appending plot data [4.000000000000001] for x tick label 10 with existing values: [[4.03409710471916, 4.043017236490223, 3.9999999999999996, 4.0, 4.000000000000001, 3.999999999999999, 4.0, 4.072204341031898, 4.492073148962797], 0, 9]
DEBUG      2020-04-17 17:36:37,110  209:BoxPlotter                      	 Feasibility ratio for scenario ids [31]: 1.0
DEBUG      2020-04-17 17:36:37,111  215:BoxPlotter                      	 Appending plot data [8.328669706113978] for x tick label 20 with existing values: [[8.49597134039355, 8.560296833285452, 8.770062938152918, 9.058693519470998, 8.905406034992582, 9.01292367345772, 8.583710215164919, 8.174570845041709, 8.445090635581572], 0, 9]
INFO       2020-04-17 17:36:37,111  180:BoxPlotter                      	 Aggregating over parameter to scenario ID dictionary {1: set([0, 1, 2, 3, 4, 5]), 2: set([6, 7, 8, 9, 10, 11]), 3: set([12, 13, 14, 15, 16, 17]), 4: set([18, 19, 20, 21, 22, 23]), 5: set([24, 25, 26, 27, 28, 29]), 6: set([32, 33, 34, 35, 30, 31]), 7: set([36, 37, 38, 39, 40, 41]), 8: set([42, 43, 44, 45, 46, 47]), 9: set([48, 49, 50, 51, 52, 53]), 10: set([54, 55, 56, 57, 58, 59])}
DEBUG      2020-04-17 17:36:37,111  209:BoxPlotter                      	 Feasibility ratio for scenario ids [0, 6, 12, 18, 24, 36, 42, 48, 54]: 1.0
DEBUG      2020-04-17 17:36:37,111  211:BoxPlotter                      	 Saving plot data [4.03409710471916, 4.043017236490223, 3.9999999999999996, 4.0, 4.000000000000001, 3.999999999999999, 4.0, 4.072204341031898, 4.492073148962797] for x tick label 10
DEBUG      2020-04-17 17:36:37,111  209:BoxPlotter                      	 Feasibility ratio for scenario ids [1, 7, 13, 19, 25, 37, 43, 49, 55]: 1.0
DEBUG      2020-04-17 17:36:37,111  211:BoxPlotter                      	 Saving plot data [8.49597134039355, 8.560296833285452, 8.770062938152918, 9.058693519470998, 8.905406034992582, 9.01292367345772, 8.583710215164919, 8.174570845041709, 8.445090635581572] for x tick label 20
DEBUG      2020-04-17 17:36:37,112  209:BoxPlotter                      	 Feasibility ratio for scenario ids [2, 8, 14, 20, 26, 32, 38, 44, 50, 56]: 1.0
DEBUG      2020-04-17 17:36:37,112  211:BoxPlotter                      	 Saving plot data [13.262290839251268, 12.949657445110612, 13.086010640649961, 12.935017764593692, 13.40492651966944, 12.864680898853424, 13.103193100691334, 13.025946690159676, 12.79341461214455, 12.878712099131887] for x tick label 30
DEBUG      2020-04-17 17:36:37,112  209:BoxPlotter                      	 Feasibility ratio for scenario ids [3, 9, 15, 21, 27, 33, 39, 45, 51, 57]: 1.0
DEBUG      2020-04-17 17:36:37,112  211:BoxPlotter                      	 Saving plot data [19.570133938074058, 18.66485960385782, 17.391792907845154, 18.607398083894015, 17.997604678875433, 18.959746686182648, 19.619276688461238, 18.259986494744357, 18.289865891081043, 18.543268971538847] for x tick label 40
DEBUG      2020-04-17 17:36:37,112  209:BoxPlotter                      	 Feasibility ratio for scenario ids [4, 10, 16, 22, 28, 34, 40, 46, 52, 58]: 1.0
DEBUG      2020-04-17 17:36:37,112  211:BoxPlotter                      	 Saving plot data [23.71216244928043, 23.782208904047547, 23.66593623266922, 23.820632096158892, 22.27444358033135, 22.885367774556443, 23.530521293688583, 23.04093304633742, 23.331606878242834, 23.421499453299106] for x tick label 50
DEBUG      2020-04-17 17:36:37,112  209:BoxPlotter                      	 Feasibility ratio for scenario ids [5, 11, 17, 23, 29, 35, 41, 47, 53, 59]: 0.5
DEBUG      2020-04-17 17:36:37,113  211:BoxPlotter                      	 Saving plot data [31.33739631875612, 30.1886238186841, 29.31715852664698, 29.404845004878204, 29.109206545851706] for x tick label 60
DEBUG      2020-04-17 17:36:37,113  209:BoxPlotter                      	 Feasibility ratio for scenario ids [30]: 1.0
DEBUG      2020-04-17 17:36:37,113  215:BoxPlotter                      	 Appending plot data [4.000000000000001] for x tick label 10 with existing values: [[4.03409710471916, 4.043017236490223, 3.9999999999999996, 4.0, 4.000000000000001, 3.999999999999999, 4.0, 4.072204341031898, 4.492073148962797], 0, 9]
DEBUG      2020-04-17 17:36:37,113  209:BoxPlotter                      	 Feasibility ratio for scenario ids [31]: 1.0
DEBUG      2020-04-17 17:36:37,113  215:BoxPlotter                      	 Appending plot data [8.328669706113978] for x tick label 20 with existing values: [[8.49597134039355, 8.560296833285452, 8.770062938152918, 9.058693519470998, 8.905406034992582, 9.01292367345772, 8.583710215164919, 8.174570845041709, 8.445090635581572], 0, 9]
INFO       2020-04-17 17:36:37,113  246:BoxPlotter                      	 Plotting data: {40: [[1.0, 1.0, 1.0, 1.0, 1.0, 1.0, 1.0, 1.0, 1.0, 1.0], 0, 10], 10: [[1.0, 1.0, 1.0, 1.0, 1.0, 1.0, 1.0, 1.0, 1.0, 1.0], 0, 10], 50: [[0.999980756796207, 1.0, 1.0, 1.0, 1.0, 1.0, 1.0, 1.0, 1.0, 1.0], 0, 10], 20: [[1.0, 1.0, 1.0, 1.0, 1.0, 1.0, 1.0, 1.0, 1.0, 1.0], 0, 10], 60: [[0.9993756767001625, 1.0, 1.0, 1.0, 1.0], 5, 10], 30: [[1.0, 1.0, 1.0, 1.0, 1.0, 1.0, 1.0, 1.0, 1.0, 1.0], 0, 10]}
DEBUG      2020-04-17 17:36:38,722 1346:matplotlib.font_manager         	 findfont: Matching :family=sans-serif:style=normal:variant=normal:weight=normal:stretch=normal:size=16.0 to DejaVu Sans (u'/home/balazs/university/stefan-collaboration-code/venv/local/lib/python2.7/site-packages/matplotlib/mpl-data/fonts/ttf/DejaVuSans.ttf') with score of 0.050000
DEBUG      2020-04-17 17:36:38,728  658:matplotlib.backends.backend_pdf 	 Assigning font /F1 = u'/home/balazs/university/stefan-collaboration-code/venv/local/lib/python2.7/site-packages/matplotlib/mpl-data/fonts/ttf/DejaVuSans.ttf'
DEBUG      2020-04-17 17:36:38,742 1346:matplotlib.font_manager         	 findfont: Matching :family=sans-serif:style=normal:variant=normal:weight=normal:stretch=normal:size=20.0 to DejaVu Sans (u'/home/balazs/university/stefan-collaboration-code/venv/local/lib/python2.7/site-packages/matplotlib/mpl-data/fonts/ttf/DejaVuSans.ttf') with score of 0.050000
DEBUG      2020-04-17 17:36:38,797  710:matplotlib.backends.backend_pdf 	 Embedding font /home/balazs/university/stefan-collaboration-code/venv/local/lib/python2.7/site-packages/matplotlib/mpl-data/fonts/ttf/DejaVuSans.ttf.
DEBUG      2020-04-17 17:36:38,798  717:matplotlib.backends.backend_pdf 	 Writing TrueType font.
