INFO       2020-04-17 17:36:10,314  398:root                            	 Initialized Root Logger
DEBUG      2020-04-17 17:36:10,314  422:BoxPlotter                      	 Created logger BoxPlotter
INFO       2020-04-17 17:36:10,315  146:BoxPlotter                      	 
Will read from ..
	/home/balazs/university/stefan-collaboration-code/alib_experiment_home/input/arbitrary-synthetic_result_reduced.pickle 
		and save plot with name Substrate_size-to-best_integer_cost.pdf into
	/home/balazs/university/stefan-collaboration-code/evaluation-fog-model-2019/results/synthetic/arbitrary_fixed_relative/plots

INFO       2020-04-17 17:36:10,315  148:BoxPlotter                      	 Reading pickle file at /home/balazs/university/stefan-collaboration-code/alib_experiment_home/input/arbitrary-synthetic_result_reduced.pickle
DEBUG      2020-04-17 17:36:10,452  422:alib.scenariogeneration         	 Created logger alib.scenariogeneration
DEBUG      2020-04-17 17:36:10,456  422:alib.run_experiment             	 Created logger alib.run_experiment
INFO       2020-04-17 17:36:10,456  146:BoxPlotter                      	 
Will read from ..
	/home/balazs/university/stefan-collaboration-code/alib_experiment_home/input/fixed-synthetic_result_reduced.pickle 
		and save plot with name Substrate_size-to-best_integer_cost.pdf into
	/home/balazs/university/stefan-collaboration-code/evaluation-fog-model-2019/results/synthetic/arbitrary_fixed_relative/plots

INFO       2020-04-17 17:36:10,457  148:BoxPlotter                      	 Reading pickle file at /home/balazs/university/stefan-collaboration-code/alib_experiment_home/input/fixed-synthetic_result_reduced.pickle
INFO       2020-04-17 17:36:10,460  180:BoxPlotter                      	 Aggregating over parameter to scenario ID dictionary {1: set([0, 1, 2, 3, 4, 5]), 2: set([6, 7, 8, 9, 10, 11]), 3: set([12, 13, 14, 15, 16, 17]), 4: set([18, 19, 20, 21, 22, 23]), 5: set([24, 25, 26, 27, 28, 29]), 6: set([32, 33, 34, 35, 30, 31]), 7: set([36, 37, 38, 39, 40, 41]), 8: set([42, 43, 44, 45, 46, 47]), 9: set([48, 49, 50, 51, 52, 53]), 10: set([54, 55, 56, 57, 58, 59])}
DEBUG      2020-04-17 17:36:10,460  209:BoxPlotter                      	 Feasibility ratio for scenario ids [0, 6, 12, 18, 24, 36, 42, 48, 54]: 1.0
DEBUG      2020-04-17 17:36:10,460  211:BoxPlotter                      	 Saving plot data [4.0, 3.9999999999999996, 3.9999999999999996, 3.9999999999999996, 4.000000000000001, 3.999999999999999, 4.0, 4.072204341031897, 4.492073148962797] for x tick label 10
DEBUG      2020-04-17 17:36:10,460  209:BoxPlotter                      	 Feasibility ratio for scenario ids [1, 7, 13, 19, 25, 37, 43, 49, 55]: 1.0
DEBUG      2020-04-17 17:36:10,460  211:BoxPlotter                      	 Saving plot data [8.161084019423186, 8.41375991467159, 8.443532478851886, 8.86531029060272, 8.779047463052063, 8.85546080775458, 8.384048987739172, 8.0, 8.359511308291392] for x tick label 20
DEBUG      2020-04-17 17:36:10,461  209:BoxPlotter                      	 Feasibility ratio for scenario ids [2, 8, 14, 20, 26, 32, 38, 44, 50, 56]: 1.0
DEBUG      2020-04-17 17:36:10,461  211:BoxPlotter                      	 Saving plot data [12.852137170369911, 12.58365524931496, 12.864536788770765, 12.255848120885057, 13.167536547761332, 12.693561329852074, 12.935256652137134, 12.54974182575137, 12.456899876266284, 12.272473610712286] for x tick label 30
DEBUG      2020-04-17 17:36:10,461  209:BoxPlotter                      	 Feasibility ratio for scenario ids [3, 9, 15, 21, 27, 33, 39, 45, 51, 57]: 1.0
DEBUG      2020-04-17 17:36:10,461  211:BoxPlotter                      	 Saving plot data [19.240312951377835, 18.121051913887314, 16.74448844171447, 18.3513398435788, 17.560342406632618, 18.85539187210149, 19.49283635317764, 17.731055558783087, 17.628794777596752, 17.762908483302425] for x tick label 40
DEBUG      2020-04-17 17:36:10,461  209:BoxPlotter                      	 Feasibility ratio for scenario ids [4, 10, 16, 22, 28, 34, 40, 46, 52, 58]: 1.0
DEBUG      2020-04-17 17:36:10,461  211:BoxPlotter                      	 Saving plot data [23.405013582216984, 23.400252698843616, 23.372493092931013, 23.481974028659486, 21.73471783924272, 22.220736502795386, 23.25685670571867, 22.62859650872969, 22.651775483293985, 23.248889418404232] for x tick label 50
DEBUG      2020-04-17 17:36:10,461  209:BoxPlotter                      	 Feasibility ratio for scenario ids [5, 11, 17, 23, 29, 35, 41, 47, 53, 59]: 0.5
DEBUG      2020-04-17 17:36:10,461  211:BoxPlotter                      	 Saving plot data [30.68555688313099, 29.820423703513004, 28.528740996032266, 28.597307448280308, 28.619483398218183] for x tick label 60
DEBUG      2020-04-17 17:36:10,461  209:BoxPlotter                      	 Feasibility ratio for scenario ids [30]: 1.0
DEBUG      2020-04-17 17:36:10,461  215:BoxPlotter                      	 Appending plot data [4.000000000000001] for x tick label 10 with existing values: [[4.0, 3.9999999999999996, 3.9999999999999996, 3.9999999999999996, 4.000000000000001, 3.999999999999999, 4.0, 4.072204341031897, 4.492073148962797], 0, 9]
DEBUG      2020-04-17 17:36:10,462  209:BoxPlotter                      	 Feasibility ratio for scenario ids [31]: 1.0
DEBUG      2020-04-17 17:36:10,462  215:BoxPlotter                      	 Appending plot data [8.0] for x tick label 20 with existing values: [[8.161084019423186, 8.41375991467159, 8.443532478851886, 8.86531029060272, 8.779047463052063, 8.85546080775458, 8.384048987739172, 8.0, 8.359511308291392], 0, 9]
INFO       2020-04-17 17:36:10,462  180:BoxPlotter                      	 Aggregating over parameter to scenario ID dictionary {1: set([0, 1, 2, 3, 4, 5]), 2: set([6, 7, 8, 9, 10, 11]), 3: set([12, 13, 14, 15, 16, 17]), 4: set([18, 19, 20, 21, 22, 23]), 5: set([24, 25, 26, 27, 28, 29]), 6: set([32, 33, 34, 35, 30, 31]), 7: set([36, 37, 38, 39, 40, 41]), 8: set([42, 43, 44, 45, 46, 47]), 9: set([48, 49, 50, 51, 52, 53]), 10: set([54, 55, 56, 57, 58, 59])}
DEBUG      2020-04-17 17:36:10,462  209:BoxPlotter                      	 Feasibility ratio for scenario ids [0, 6, 12, 18, 24, 36, 42, 48, 54]: 1.0
DEBUG      2020-04-17 17:36:10,462  211:BoxPlotter                      	 Saving plot data [4.0, 3.9999999999999996, 3.9999999999999996, 3.9999999999999996, 4.000000000000001, 3.999999999999999, 4.0, 4.072204341031897, 4.492073148962797] for x tick label 10
DEBUG      2020-04-17 17:36:10,462  209:BoxPlotter                      	 Feasibility ratio for scenario ids [1, 7, 13, 19, 25, 37, 43, 49, 55]: 1.0
DEBUG      2020-04-17 17:36:10,462  211:BoxPlotter                      	 Saving plot data [8.161084019423186, 8.41375991467159, 8.443532478851886, 8.86531029060272, 8.779047463052063, 8.85546080775458, 8.384048987739172, 8.0, 8.359511308291392] for x tick label 20
DEBUG      2020-04-17 17:36:10,462  209:BoxPlotter                      	 Feasibility ratio for scenario ids [2, 8, 14, 20, 26, 32, 38, 44, 50, 56]: 1.0
DEBUG      2020-04-17 17:36:10,463  211:BoxPlotter                      	 Saving plot data [12.852137170369911, 12.58365524931496, 12.864536788770765, 12.30662249496374, 13.167536547761332, 12.693561329852074, 12.935256652137134, 12.549741825751372, 12.456899876266284, 12.272473610712286] for x tick label 30
DEBUG      2020-04-17 17:36:10,463  209:BoxPlotter                      	 Feasibility ratio for scenario ids [3, 9, 15, 21, 27, 33, 39, 45, 51, 57]: 1.0
DEBUG      2020-04-17 17:36:10,463  211:BoxPlotter                      	 Saving plot data [19.280346148490484, 18.12105191388731, 16.767241151230532, 18.3513398435788, 17.560342406632618, 18.85539187210149, 19.49283635317764, 17.797430730039594, 17.61583775190613, 17.762908483302425] for x tick label 40
DEBUG      2020-04-17 17:36:10,463  209:BoxPlotter                      	 Feasibility ratio for scenario ids [4, 10, 16, 22, 28, 34, 40, 46, 52, 58]: 1.0
DEBUG      2020-04-17 17:36:10,463  211:BoxPlotter                      	 Saving plot data [23.334948516997617, 23.400252698843612, 23.372493092931013, 23.481974028659486, 21.69487002440626, 22.220736502795383, 23.267557906368477, 22.62859650872969, 22.651775483293985, 23.248889418404232] for x tick label 50
DEBUG      2020-04-17 17:36:10,463  209:BoxPlotter                      	 Feasibility ratio for scenario ids [5, 11, 17, 23, 29, 35, 41, 47, 53, 59]: 0.5
DEBUG      2020-04-17 17:36:10,463  211:BoxPlotter                      	 Saving plot data [30.669548585809373, 29.820423703513004, 28.577478519593996, 28.71678304872088, 28.560710407611925] for x tick label 60
DEBUG      2020-04-17 17:36:10,464  209:BoxPlotter                      	 Feasibility ratio for scenario ids [30]: 1.0
DEBUG      2020-04-17 17:36:10,464  215:BoxPlotter                      	 Appending plot data [4.000000000000001] for x tick label 10 with existing values: [[4.0, 3.9999999999999996, 3.9999999999999996, 3.9999999999999996, 4.000000000000001, 3.999999999999999, 4.0, 4.072204341031897, 4.492073148962797], 0, 9]
DEBUG      2020-04-17 17:36:10,464  209:BoxPlotter                      	 Feasibility ratio for scenario ids [31]: 1.0
DEBUG      2020-04-17 17:36:10,464  215:BoxPlotter                      	 Appending plot data [8.0] for x tick label 20 with existing values: [[8.161084019423186, 8.41375991467159, 8.443532478851886, 8.86531029060272, 8.779047463052063, 8.85546080775458, 8.384048987739172, 8.0, 8.359511308291392], 0, 9]
INFO       2020-04-17 17:36:10,464  246:BoxPlotter                      	 Plotting data: {40: [[0.9979236266400858, 1.0000000000000002, 0.9986430260463933, 1.0, 1.0, 1.0, 1.0, 0.9962705194775966, 1.0007355327559837, 1.0], 0, 10], 10: [[1.0, 1.0, 1.0, 1.0, 1.0, 1.0, 1.0, 1.0, 1.0, 1.0], 0, 10], 50: [[1.0030025806642913, 1.0000000000000002, 1.0, 1.0, 1.0018367390443745, 1.0000000000000002, 0.9995400806267305, 1.0, 1.0, 1.0], 0, 10], 20: [[1.0, 1.0, 1.0, 1.0, 1.0, 1.0, 1.0, 1.0, 1.0, 1.0], 0, 10], 60: [[1.0005219606436928, 1.0, 0.9982945478017484, 0.9958395200382344, 1.0020578266355236], 5, 10], 30: [[1.0, 1.0, 1.0, 0.9958742234841882, 1.0, 1.0, 1.0, 0.9999999999999999, 1.0, 1.0], 0, 10]}
DEBUG      2020-04-17 17:36:11,922 1346:matplotlib.font_manager         	 findfont: Matching :family=sans-serif:style=normal:variant=normal:weight=normal:stretch=normal:size=16.0 to DejaVu Sans (u'/home/balazs/university/stefan-collaboration-code/venv/local/lib/python2.7/site-packages/matplotlib/mpl-data/fonts/ttf/DejaVuSans.ttf') with score of 0.050000
DEBUG      2020-04-17 17:36:11,928  658:matplotlib.backends.backend_pdf 	 Assigning font /F1 = u'/home/balazs/university/stefan-collaboration-code/venv/local/lib/python2.7/site-packages/matplotlib/mpl-data/fonts/ttf/DejaVuSans.ttf'
DEBUG      2020-04-17 17:36:11,942 1346:matplotlib.font_manager         	 findfont: Matching :family=sans-serif:style=normal:variant=normal:weight=normal:stretch=normal:size=20.0 to DejaVu Sans (u'/home/balazs/university/stefan-collaboration-code/venv/local/lib/python2.7/site-packages/matplotlib/mpl-data/fonts/ttf/DejaVuSans.ttf') with score of 0.050000
DEBUG      2020-04-17 17:36:11,984  710:matplotlib.backends.backend_pdf 	 Embedding font /home/balazs/university/stefan-collaboration-code/venv/local/lib/python2.7/site-packages/matplotlib/mpl-data/fonts/ttf/DejaVuSans.ttf.
DEBUG      2020-04-17 17:36:11,984  717:matplotlib.backends.backend_pdf 	 Writing TrueType font.
