INFO       2019-07-25 12:05:25,402  398:root                            	 Initialized Root Logger
DEBUG      2019-07-25 12:05:25,402  422:BoxPlotter                      	 Created logger BoxPlotter
INFO       2019-07-25 12:05:25,403  112:BoxPlotter                      	 
Will read from ..
	/home/balazs/university/stefan-collaboration-code/alib_experiment_home/input/scenarios_synthetic_small_result_inorder_numericfocus_reduced.pickle 
		and save plot with name NRF-to-cost.png into
	/home/balazs/university/stefan-collaboration-code/evaluation-fog-model-2019/erf_nrf_sweep

INFO       2019-07-25 12:05:25,403  114:BoxPlotter                      	 Reading pickle file at /home/balazs/university/stefan-collaboration-code/alib_experiment_home/input/scenarios_synthetic_small_result_inorder_numericfocus_reduced.pickle
DEBUG      2019-07-25 12:05:25,870  422:alib.scenariogeneration         	 Created logger alib.scenariogeneration
DEBUG      2019-07-25 12:05:25,893  422:alib.run_experiment             	 Created logger alib.run_experiment
INFO       2019-07-25 12:05:25,894  130:BoxPlotter                      	 Aggregating over parameter to scenario ID dictionary {1: set([0, 1, 2, 3, 513, 514, 16, 17, 18, 19, 512, 32, 33, 34, 35, 48, 49, 50, 51, 64, 65, 66, 67, 80, 81, 82, 83, 96, 97, 98, 99, 529, 530, 515, 113, 114, 115, 128, 129, 130, 131, 144, 145, 146, 147, 160, 161, 162, 163, 176, 177, 178, 179, 192, 193, 194, 195, 545, 546, 208, 209, 210, 211, 224, 225, 226, 227, 240, 241, 242, 243, 547, 256, 257, 258, 259, 272, 273, 274, 275, 288, 289, 290, 291, 112, 304, 305, 306, 307, 320, 321, 322, 323, 336, 337, 338, 339, 352, 353, 354, 355, 368, 369, 370, 371, 384, 385, 386, 387, 400, 401, 402, 403, 416, 417, 418, 419, 432, 433, 434, 435, 448, 449, 450, 451, 464, 465, 466, 467, 531, 544, 480, 481, 482, 483, 496, 497, 498, 499, 528]), 2: set([4, 5, 6, 7, 20, 21, 22, 535, 516, 517, 36, 37, 38, 39, 519, 52, 53, 54, 55, 68, 69, 70, 71, 84, 85, 86, 87, 100, 101, 102, 103, 116, 117, 118, 119, 532, 533, 132, 133, 134, 135, 23, 148, 149, 150, 151, 164, 165, 166, 167, 534, 180, 181, 182, 183, 196, 197, 198, 199, 518, 212, 213, 214, 215, 548, 549, 228, 550, 230, 231, 551, 244, 245, 246, 247, 260, 261, 262, 263, 276, 277, 278, 279, 292, 293, 294, 295, 308, 309, 310, 311, 324, 325, 326, 327, 340, 341, 342, 343, 229, 356, 357, 358, 359, 372, 373, 374, 375, 388, 389, 390, 391, 404, 405, 406, 407, 420, 421, 422, 423, 436, 437, 438, 439, 452, 453, 454, 455, 468, 469, 470, 471, 484, 485, 486, 487, 500, 501, 502, 503]), 3: set([520, 521, 522, 523, 536, 537, 26, 27, 40, 41, 554, 555, 8, 9, 56, 57, 58, 59, 10, 11, 72, 73, 74, 75, 88, 89, 90, 91, 104, 105, 106, 107, 120, 121, 122, 123, 136, 137, 138, 139, 24, 25, 152, 153, 154, 155, 538, 539, 168, 169, 170, 171, 184, 185, 186, 187, 200, 201, 202, 203, 216, 217, 218, 219, 232, 233, 234, 235, 552, 553, 248, 249, 250, 251, 42, 43, 264, 265, 266, 267, 280, 281, 282, 283, 296, 297, 298, 299, 312, 313, 314, 315, 328, 329, 330, 331, 344, 345, 346, 347, 360, 361, 362, 363, 376, 377, 378, 379, 392, 393, 394, 395, 408, 409, 410, 411, 424, 425, 426, 427, 440, 441, 442, 443, 456, 457, 458, 459, 472, 473, 474, 475, 488, 489, 490, 491, 504, 505, 506, 507]), 4: set([12, 13, 14, 15, 28, 29, 542, 31, 44, 557, 46, 559, 60, 61, 62, 63, 524, 76, 77, 78, 525, 526, 271, 92, 93, 94, 95, 108, 109, 110, 111, 124, 125, 126, 127, 140, 141, 142, 143, 156, 157, 158, 159, 540, 172, 173, 174, 175, 30, 543, 188, 189, 190, 191, 204, 205, 206, 207, 220, 221, 222, 223, 380, 236, 237, 238, 239, 252, 253, 254, 255, 556, 268, 269, 270, 45, 558, 47, 284, 285, 286, 287, 300, 301, 302, 303, 316, 317, 318, 319, 332, 333, 334, 335, 348, 349, 350, 351, 364, 365, 366, 367, 541, 381, 382, 383, 396, 397, 398, 399, 412, 413, 414, 415, 428, 429, 430, 431, 444, 445, 446, 447, 460, 461, 462, 463, 527, 79, 476, 477, 478, 479, 492, 493, 494, 495, 508, 509, 510, 511])}
DEBUG      2019-07-25 12:05:25,895  142:BoxPlotter                      	 Feasibility ratio for scenario ids [0, 4, 520, 12]: 1.0
DEBUG      2019-07-25 12:05:25,895  149:BoxPlotter                      	 Saving plot data [0.0, 0.0, 0.024212460486198524, 0.0] for x tick label 0.1
WARNING    2019-07-25 12:05:25,895  206:BoxPlotter                      	 Reduced solution not found for scenario number 521, skipping from aggregating...
DEBUG      2019-07-25 12:05:25,895  142:BoxPlotter                      	 Feasibility ratio for scenario ids [1, 5, 521, 13]: 1.0
DEBUG      2019-07-25 12:05:25,895  153:BoxPlotter                      	 Appending plot data [0.0, 0.0, 0.0] for x tick lable 0.1 with existing values: [[0.0, 0.0, 0.024212460486198524, 0.0], 0, 4]
DEBUG      2019-07-25 12:05:25,895  142:BoxPlotter                      	 Feasibility ratio for scenario ids [2, 6, 522, 14]: 0.75
DEBUG      2019-07-25 12:05:25,895  153:BoxPlotter                      	 Appending plot data [0.0, 0.0, 0.0] for x tick lable 0.1 with existing values: [[0.0, 0.0, 0.024212460486198524, 0.0, 0.0, 0.0, 0.0], 0, 7]
DEBUG      2019-07-25 12:05:25,895  142:BoxPlotter                      	 Feasibility ratio for scenario ids [3, 7, 523, 15]: 0.5
DEBUG      2019-07-25 12:05:25,895  153:BoxPlotter                      	 Appending plot data [0.12703602363889924, 0.0] for x tick lable 0.1 with existing values: [[0.0, 0.0, 0.024212460486198524, 0.0, 0.0, 0.0, 0.0, 0.0, 0.0, 0.0], 1, 11]
DEBUG      2019-07-25 12:05:25,895  142:BoxPlotter                      	 Feasibility ratio for scenario ids [513, 20, 536, 28]: 0.25
DEBUG      2019-07-25 12:05:25,895  149:BoxPlotter                      	 Saving plot data [0.0] for x tick label 0.5
WARNING    2019-07-25 12:05:25,895  206:BoxPlotter                      	 Reduced solution not found for scenario number 537, skipping from aggregating...
DEBUG      2019-07-25 12:05:25,895  142:BoxPlotter                      	 Feasibility ratio for scenario ids [514, 21, 537, 29]: 0.0
DEBUG      2019-07-25 12:05:25,896  153:BoxPlotter                      	 Appending plot data [] for x tick lable 0.5 with existing values: [[0.0], 3, 4]
WARNING    2019-07-25 12:05:25,896  206:BoxPlotter                      	 Reduced solution not found for scenario number 22, skipping from aggregating...
DEBUG      2019-07-25 12:05:25,896  142:BoxPlotter                      	 Feasibility ratio for scenario ids [16, 22, 26, 542]: 0.666666666667
DEBUG      2019-07-25 12:05:25,896  149:BoxPlotter                      	 Saving plot data [0.0, 0.0] for x tick label 0.25
DEBUG      2019-07-25 12:05:25,896  142:BoxPlotter                      	 Feasibility ratio for scenario ids [17, 535, 27, 31]: 0.25
DEBUG      2019-07-25 12:05:25,896  153:BoxPlotter                      	 Appending plot data [0.0] for x tick lable 0.25 with existing values: [[0.0, 0.0], 1, 3]
DEBUG      2019-07-25 12:05:25,896  142:BoxPlotter                      	 Feasibility ratio for scenario ids [18, 516, 40, 44]: 0.5
DEBUG      2019-07-25 12:05:25,896  153:BoxPlotter                      	 Appending plot data [0.08792536544412893, 0.48424920972397034] for x tick lable 0.25 with existing values: [[0.0, 0.0, 0.0], 4, 7]
DEBUG      2019-07-25 12:05:25,896  142:BoxPlotter                      	 Feasibility ratio for scenario ids [19, 517, 41, 557]: 0.0
DEBUG      2019-07-25 12:05:25,896  153:BoxPlotter                      	 Appending plot data [] for x tick lable 0.25 with existing values: [[0.0, 0.0, 0.0, 0.08792536544412893, 0.48424920972397034], 6, 11]
DEBUG      2019-07-25 12:05:25,896  142:BoxPlotter                      	 Feasibility ratio for scenario ids [512, 36, 554, 46]: 0.25
DEBUG      2019-07-25 12:05:25,896  153:BoxPlotter                      	 Appending plot data [0.10662837930188807] for x tick lable 0.5 with existing values: [[0.0], 6, 7]
DEBUG      2019-07-25 12:05:25,897  142:BoxPlotter                      	 Feasibility ratio for scenario ids [32, 37, 555, 559]: 0.25
DEBUG      2019-07-25 12:05:25,897  153:BoxPlotter                      	 Appending plot data [2.5432758503225035] for x tick lable 0.5 with existing values: [[0.0, 0.10662837930188807], 9, 11]
DEBUG      2019-07-25 12:05:25,897  142:BoxPlotter                      	 Feasibility ratio for scenario ids [33, 38, 8, 60]: 0.25
DEBUG      2019-07-25 12:05:25,897  153:BoxPlotter                      	 Appending plot data [0.0] for x tick lable 0.5 with existing values: [[0.0, 0.10662837930188807, 2.5432758503225035], 12, 15]
DEBUG      2019-07-25 12:05:25,897  142:BoxPlotter                      	 Feasibility ratio for scenario ids [34, 39, 9, 61]: 0.25
DEBUG      2019-07-25 12:05:25,897  153:BoxPlotter                      	 Appending plot data [0.0] for x tick lable 0.5 with existing values: [[0.0, 0.10662837930188807, 2.5432758503225035, 0.0], 15, 19]
DEBUG      2019-07-25 12:05:25,897  142:BoxPlotter                      	 Feasibility ratio for scenario ids [35, 519, 56, 62]: 0.0
DEBUG      2019-07-25 12:05:25,897  153:BoxPlotter                      	 Appending plot data [] for x tick lable 0.5 with existing values: [[0.0, 0.10662837930188807, 2.5432758503225035, 0.0, 0.0], 18, 23]
DEBUG      2019-07-25 12:05:25,897  142:BoxPlotter                      	 Feasibility ratio for scenario ids [48, 52, 57, 63]: 0.0
DEBUG      2019-07-25 12:05:25,897  149:BoxPlotter                      	 Saving plot data [] for x tick label 0.75
DEBUG      2019-07-25 12:05:25,897  142:BoxPlotter                      	 Feasibility ratio for scenario ids [49, 53, 58, 524]: 0.0
DEBUG      2019-07-25 12:05:25,897  153:BoxPlotter                      	 Appending plot data [] for x tick lable 0.75 with existing values: [[], 4, 4]
DEBUG      2019-07-25 12:05:25,898  142:BoxPlotter                      	 Feasibility ratio for scenario ids [50, 54, 59, 76]: 0.0
DEBUG      2019-07-25 12:05:25,898  153:BoxPlotter                      	 Appending plot data [] for x tick lable 0.75 with existing values: [[], 8, 8]
DEBUG      2019-07-25 12:05:25,898  142:BoxPlotter                      	 Feasibility ratio for scenario ids [51, 55, 10, 77]: 0.25
DEBUG      2019-07-25 12:05:25,898  153:BoxPlotter                      	 Appending plot data [0.0] for x tick lable 0.75 with existing values: [[], 12, 12]
DEBUG      2019-07-25 12:05:25,898  142:BoxPlotter                      	 Feasibility ratio for scenario ids [64, 68, 11, 78]: 0.25
DEBUG      2019-07-25 12:05:25,898  149:BoxPlotter                      	 Saving plot data [0.0] for x tick label 1.0
DEBUG      2019-07-25 12:05:25,898  142:BoxPlotter                      	 Feasibility ratio for scenario ids [65, 69, 72, 525]: 0.0
DEBUG      2019-07-25 12:05:25,898  153:BoxPlotter                      	 Appending plot data [] for x tick lable 1.0 with existing values: [[0.0], 3, 4]
DEBUG      2019-07-25 12:05:25,898  142:BoxPlotter                      	 Feasibility ratio for scenario ids [66, 70, 73, 526]: 0.0
DEBUG      2019-07-25 12:05:25,898  153:BoxPlotter                      	 Appending plot data [] for x tick lable 1.0 with existing values: [[0.0], 7, 8]
DEBUG      2019-07-25 12:05:25,898  142:BoxPlotter                      	 Feasibility ratio for scenario ids [67, 71, 74, 271]: 0.25
DEBUG      2019-07-25 12:05:25,898  153:BoxPlotter                      	 Appending plot data [0.0] for x tick lable 1.0 with existing values: [[0.0], 11, 12]
DEBUG      2019-07-25 12:05:25,899  142:BoxPlotter                      	 Feasibility ratio for scenario ids [80, 84, 75, 92]: 0.75
DEBUG      2019-07-25 12:05:25,899  153:BoxPlotter                      	 Appending plot data [0.0, 0.0, 0.0] for x tick lable 0.1 with existing values: [[0.0, 0.0, 0.024212460486198524, 0.0, 0.0, 0.0, 0.0, 0.0, 0.0, 0.0, 0.12703602363889924, 0.0], 3, 15]
DEBUG      2019-07-25 12:05:25,899  142:BoxPlotter                      	 Feasibility ratio for scenario ids [81, 85, 88, 93]: 1.0
DEBUG      2019-07-25 12:05:25,899  153:BoxPlotter                      	 Appending plot data [0.0, 0.0, 0.0, 0.0] for x tick lable 0.1 with existing values: [[0.0, 0.0, 0.024212460486198524, 0.0, 0.0, 0.0, 0.0, 0.0, 0.0, 0.0, 0.12703602363889924, 0.0, 0.0, 0.0, 0.0], 4, 19]
DEBUG      2019-07-25 12:05:25,899  142:BoxPlotter                      	 Feasibility ratio for scenario ids [82, 86, 89, 94]: 1.0
DEBUG      2019-07-25 12:05:25,899  153:BoxPlotter                      	 Appending plot data [0.0, 0.0, 0.0, 0.0] for x tick lable 0.1 with existing values: [[0.0, 0.0, 0.024212460486198524, 0.0, 0.0, 0.0, 0.0, 0.0, 0.0, 0.0, 0.12703602363889924, 0.0, 0.0, 0.0, 0.0, 0.0, 0.0, 0.0, 0.0], 4, 23]
DEBUG      2019-07-25 12:05:25,899  142:BoxPlotter                      	 Feasibility ratio for scenario ids [83, 87, 90, 95]: 1.0
DEBUG      2019-07-25 12:05:25,899  153:BoxPlotter                      	 Appending plot data [0.0, 0.06351801181944962, 0.0, 0.0] for x tick lable 0.1 with existing values: [[0.0, 0.0, 0.024212460486198524, 0.0, 0.0, 0.0, 0.0, 0.0, 0.0, 0.0, 0.12703602363889924, 0.0, 0.0, 0.0, 0.0, 0.0, 0.0, 0.0, 0.0, 0.0, 0.0, 0.0, 0.0], 4, 27]
DEBUG      2019-07-25 12:05:25,899  142:BoxPlotter                      	 Feasibility ratio for scenario ids [96, 100, 91, 108]: 0.75
DEBUG      2019-07-25 12:05:25,899  153:BoxPlotter                      	 Appending plot data [0.0, 0.0, 0.0] for x tick lable 0.25 with existing values: [[0.0, 0.0, 0.0, 0.08792536544412893, 0.48424920972397034], 10, 15]
DEBUG      2019-07-25 12:05:25,899  142:BoxPlotter                      	 Feasibility ratio for scenario ids [97, 101, 104, 109]: 0.75
DEBUG      2019-07-25 12:05:25,900  153:BoxPlotter                      	 Appending plot data [0.0, 0.0, 0.0] for x tick lable 0.25 with existing values: [[0.0, 0.0, 0.0, 0.08792536544412893, 0.48424920972397034, 0.0, 0.0, 0.0], 11, 19]
DEBUG      2019-07-25 12:05:25,900  142:BoxPlotter                      	 Feasibility ratio for scenario ids [98, 102, 105, 110]: 1.0
DEBUG      2019-07-25 12:05:25,900  153:BoxPlotter                      	 Appending plot data [0.0, 0.40499315415446346, 0.0, 0.0] for x tick lable 0.25 with existing values: [[0.0, 0.0, 0.0, 0.08792536544412893, 0.48424920972397034, 0.0, 0.0, 0.0, 0.0, 0.0, 0.0], 12, 23]
DEBUG      2019-07-25 12:05:25,900  142:BoxPlotter                      	 Feasibility ratio for scenario ids [99, 103, 106, 111]: 0.5
DEBUG      2019-07-25 12:05:25,900  153:BoxPlotter                      	 Appending plot data [0.0, 0.0] for x tick lable 0.25 with existing values: [[0.0, 0.0, 0.0, 0.08792536544412893, 0.48424920972397034, 0.0, 0.0, 0.0, 0.0, 0.0, 0.0, 0.0, 0.40499315415446346, 0.0, 0.0], 12, 27]
WARNING    2019-07-25 12:05:25,900  206:BoxPlotter                      	 Reduced solution not found for scenario number 529, skipping from aggregating...
DEBUG      2019-07-25 12:05:25,900  142:BoxPlotter                      	 Feasibility ratio for scenario ids [529, 116, 107, 124]: 0.666666666667
DEBUG      2019-07-25 12:05:25,900  153:BoxPlotter                      	 Appending plot data [0.8792536544412893, 0.0803826902949804] for x tick lable 0.75 with existing values: [[0.0], 15, 16]
DEBUG      2019-07-25 12:05:25,900  142:BoxPlotter                      	 Feasibility ratio for scenario ids [530, 117, 120, 125]: 0.5
DEBUG      2019-07-25 12:05:25,900  153:BoxPlotter                      	 Appending plot data [0.24212460486198517, 1.0555200611935402] for x tick lable 0.75 with existing values: [[0.0, 0.8792536544412893, 0.0803826902949804], 16, 19]
DEBUG      2019-07-25 12:05:25,900  142:BoxPlotter                      	 Feasibility ratio for scenario ids [515, 118, 121, 126]: 0.25
DEBUG      2019-07-25 12:05:25,900  153:BoxPlotter                      	 Appending plot data [0.8518100253641274] for x tick lable 0.5 with existing values: [[0.0, 0.10662837930188807, 2.5432758503225035, 0.0, 0.0], 22, 27]
WARNING    2019-07-25 12:05:25,900  206:BoxPlotter                      	 Reduced solution not found for scenario number 113, skipping from aggregating...
DEBUG      2019-07-25 12:05:25,901  142:BoxPlotter                      	 Feasibility ratio for scenario ids [113, 119, 122, 127]: 0.0
DEBUG      2019-07-25 12:05:25,901  153:BoxPlotter                      	 Appending plot data [] for x tick lable 0.5 with existing values: [[0.0, 0.10662837930188807, 2.5432758503225035, 0.0, 0.0, 0.8518100253641274], 25, 31]
WARNING    2019-07-25 12:05:25,901  206:BoxPlotter                      	 Reduced solution not found for scenario number 532, skipping from aggregating...
DEBUG      2019-07-25 12:05:25,901  142:BoxPlotter                      	 Feasibility ratio for scenario ids [114, 532, 123, 140]: 0.0
DEBUG      2019-07-25 12:05:25,901  153:BoxPlotter                      	 Appending plot data [] for x tick lable 0.5 with existing values: [[0.0, 0.10662837930188807, 2.5432758503225035, 0.0, 0.0, 0.8518100253641274], 28, 34]
WARNING    2019-07-25 12:05:25,901  206:BoxPlotter                      	 Reduced solution not found for scenario number 533, skipping from aggregating...
DEBUG      2019-07-25 12:05:25,901  142:BoxPlotter                      	 Feasibility ratio for scenario ids [115, 533, 136, 141]: 0.0
DEBUG      2019-07-25 12:05:25,901  153:BoxPlotter                      	 Appending plot data [] for x tick lable 0.5 with existing values: [[0.0, 0.10662837930188807, 2.5432758503225035, 0.0, 0.0, 0.8518100253641274], 31, 37]
DEBUG      2019-07-25 12:05:25,901  142:BoxPlotter                      	 Feasibility ratio for scenario ids [128, 132, 137, 142]: 0.25
DEBUG      2019-07-25 12:05:25,901  153:BoxPlotter                      	 Appending plot data [1.8026851699025666] for x tick lable 0.75 with existing values: [[0.0, 0.8792536544412893, 0.0803826902949804, 0.24212460486198517, 1.0555200611935402], 18, 23]
DEBUG      2019-07-25 12:05:25,902  142:BoxPlotter                      	 Feasibility ratio for scenario ids [129, 133, 138, 143]: 0.0
DEBUG      2019-07-25 12:05:25,902  153:BoxPlotter                      	 Appending plot data [] for x tick lable 0.75 with existing values: [[0.0, 0.8792536544412893, 0.0803826902949804, 0.24212460486198517, 1.0555200611935402, 1.8026851699025666], 21, 27]
WARNING    2019-07-25 12:05:25,902  206:BoxPlotter                      	 Reduced solution not found for scenario number 139, skipping from aggregating...
DEBUG      2019-07-25 12:05:25,902  142:BoxPlotter                      	 Feasibility ratio for scenario ids [130, 134, 139, 156]: 0.0
DEBUG      2019-07-25 12:05:25,902  153:BoxPlotter                      	 Appending plot data [] for x tick lable 0.75 with existing values: [[0.0, 0.8792536544412893, 0.0803826902949804, 0.24212460486198517, 1.0555200611935402, 1.8026851699025666], 25, 31]
DEBUG      2019-07-25 12:05:25,902  142:BoxPlotter                      	 Feasibility ratio for scenario ids [131, 135, 24, 157]: 0.25
DEBUG      2019-07-25 12:05:25,902  153:BoxPlotter                      	 Appending plot data [0.0] for x tick lable 0.75 with existing values: [[0.0, 0.8792536544412893, 0.0803826902949804, 0.24212460486198517, 1.0555200611935402, 1.8026851699025666], 28, 34]
DEBUG      2019-07-25 12:05:25,902  142:BoxPlotter                      	 Feasibility ratio for scenario ids [144, 23, 25, 158]: 0.0
DEBUG      2019-07-25 12:05:25,902  153:BoxPlotter                      	 Appending plot data [] for x tick lable 1.0 with existing values: [[0.0, 0.0], 14, 16]
DEBUG      2019-07-25 12:05:25,902  142:BoxPlotter                      	 Feasibility ratio for scenario ids [145, 148, 152, 159]: 0.0
DEBUG      2019-07-25 12:05:25,902  153:BoxPlotter                      	 Appending plot data [] for x tick lable 1.0 with existing values: [[0.0, 0.0], 18, 20]
DEBUG      2019-07-25 12:05:25,902  142:BoxPlotter                      	 Feasibility ratio for scenario ids [146, 149, 153, 540]: 0.0
DEBUG      2019-07-25 12:05:25,902  153:BoxPlotter                      	 Appending plot data [] for x tick lable 1.0 with existing values: [[0.0, 0.0], 22, 24]
DEBUG      2019-07-25 12:05:25,903  142:BoxPlotter                      	 Feasibility ratio for scenario ids [147, 150, 154, 172]: 0.25
DEBUG      2019-07-25 12:05:25,903  153:BoxPlotter                      	 Appending plot data [0.0] for x tick lable 1.0 with existing values: [[0.0, 0.0], 26, 28]
DEBUG      2019-07-25 12:05:25,903  142:BoxPlotter                      	 Feasibility ratio for scenario ids [160, 151, 155, 173]: 0.5
DEBUG      2019-07-25 12:05:25,903  153:BoxPlotter                      	 Appending plot data [0.0, 0.0] for x tick lable 0.1 with existing values: [[0.0, 0.0, 0.024212460486198524, 0.0, 0.0, 0.0, 0.0, 0.0, 0.0, 0.0, 0.12703602363889924, 0.0, 0.0, 0.0, 0.0, 0.0, 0.0, 0.0, 0.0, 0.0, 0.0, 0.0, 0.0, 0.0, 0.06351801181944962, 0.0, 0.0], 4, 31]
DEBUG      2019-07-25 12:05:25,903  142:BoxPlotter                      	 Feasibility ratio for scenario ids [161, 164, 538, 174]: 0.75
DEBUG      2019-07-25 12:05:25,903  153:BoxPlotter                      	 Appending plot data [0.0, 0.0, 0.0] for x tick lable 0.1 with existing values: [[0.0, 0.0, 0.024212460486198524, 0.0, 0.0, 0.0, 0.0, 0.0, 0.0, 0.0, 0.12703602363889924, 0.0, 0.0, 0.0, 0.0, 0.0, 0.0, 0.0, 0.0, 0.0, 0.0, 0.0, 0.0, 0.0, 0.06351801181944962, 0.0, 0.0, 0.0, 0.0], 6, 35]
DEBUG      2019-07-25 12:05:25,903  142:BoxPlotter                      	 Feasibility ratio for scenario ids [162, 165, 539, 175]: 0.75
DEBUG      2019-07-25 12:05:25,903  153:BoxPlotter                      	 Appending plot data [0.0, 0.0, 0.0] for x tick lable 0.1 with existing values: [[0.0, 0.0, 0.024212460486198524, 0.0, 0.0, 0.0, 0.0, 0.0, 0.0, 0.0, 0.12703602363889924, 0.0, 0.0, 0.0, 0.0, 0.0, 0.0, 0.0, 0.0, 0.0, 0.0, 0.0, 0.0, 0.0, 0.06351801181944962, 0.0, 0.0, 0.0, 0.0, 0.0, 0.0, 0.0], 7, 39]
DEBUG      2019-07-25 12:05:25,903  142:BoxPlotter                      	 Feasibility ratio for scenario ids [163, 166, 168, 30]: 1.0
DEBUG      2019-07-25 12:05:25,903  153:BoxPlotter                      	 Appending plot data [0.0, 0.0, 0.0, 0.0] for x tick lable 0.1 with existing values: [[0.0, 0.0, 0.024212460486198524, 0.0, 0.0, 0.0, 0.0, 0.0, 0.0, 0.0, 0.12703602363889924, 0.0, 0.0, 0.0, 0.0, 0.0, 0.0, 0.0, 0.0, 0.0, 0.0, 0.0, 0.0, 0.0, 0.06351801181944962, 0.0, 0.0, 0.0, 0.0, 0.0, 0.0, 0.0, 0.0, 0.0, 0.0], 8, 43]
DEBUG      2019-07-25 12:05:25,903  142:BoxPlotter                      	 Feasibility ratio for scenario ids [176, 167, 169, 543]: 0.75
DEBUG      2019-07-25 12:05:25,904  153:BoxPlotter                      	 Appending plot data [0.0, 0.03175900590972481, 0.0] for x tick lable 0.25 with existing values: [[0.0, 0.0, 0.0, 0.08792536544412893, 0.48424920972397034, 0.0, 0.0, 0.0, 0.0, 0.0, 0.0, 0.0, 0.40499315415446346, 0.0, 0.0, 0.0, 0.0], 14, 31]
DEBUG      2019-07-25 12:05:25,904  142:BoxPlotter                      	 Feasibility ratio for scenario ids [177, 534, 170, 188]: 0.5
DEBUG      2019-07-25 12:05:25,904  153:BoxPlotter                      	 Appending plot data [0.0, 0.0] for x tick lable 0.25 with existing values: [[0.0, 0.0, 0.0, 0.08792536544412893, 0.48424920972397034, 0.0, 0.0, 0.0, 0.0, 0.0, 0.0, 0.0, 0.40499315415446346, 0.0, 0.0, 0.0, 0.0, 0.0, 0.03175900590972481, 0.0], 15, 35]
DEBUG      2019-07-25 12:05:25,904  142:BoxPlotter                      	 Feasibility ratio for scenario ids [178, 180, 171, 189]: 1.0
DEBUG      2019-07-25 12:05:25,904  153:BoxPlotter                      	 Appending plot data [0.0, 0.0, 0.0, 0.0] for x tick lable 0.25 with existing values: [[0.0, 0.0, 0.0, 0.08792536544412893, 0.48424920972397034, 0.0, 0.0, 0.0, 0.0, 0.0, 0.0, 0.0, 0.40499315415446346, 0.0, 0.0, 0.0, 0.0, 0.0, 0.03175900590972481, 0.0, 0.0, 0.0], 17, 39]
DEBUG      2019-07-25 12:05:25,904  142:BoxPlotter                      	 Feasibility ratio for scenario ids [179, 181, 184, 190]: 0.75
DEBUG      2019-07-25 12:05:25,904  153:BoxPlotter                      	 Appending plot data [0.0, 0.0, 0.0] for x tick lable 0.25 with existing values: [[0.0, 0.0, 0.0, 0.08792536544412893, 0.48424920972397034, 0.0, 0.0, 0.0, 0.0, 0.0, 0.0, 0.0, 0.40499315415446346, 0.0, 0.0, 0.0, 0.0, 0.0, 0.03175900590972481, 0.0, 0.0, 0.0, 0.0, 0.0, 0.0, 0.0], 17, 43]
DEBUG      2019-07-25 12:05:25,904  142:BoxPlotter                      	 Feasibility ratio for scenario ids [192, 182, 185, 191]: 1.0
DEBUG      2019-07-25 12:05:25,904  153:BoxPlotter                      	 Appending plot data [0.5331418965094403, 0.20249657707723173, 0.0, 0.0] for x tick lable 0.5 with existing values: [[0.0, 0.10662837930188807, 2.5432758503225035, 0.0, 0.0, 0.8518100253641274], 34, 40]
WARNING    2019-07-25 12:05:25,905  206:BoxPlotter                      	 Reduced solution not found for scenario number 193, skipping from aggregating...
DEBUG      2019-07-25 12:05:25,905  142:BoxPlotter                      	 Feasibility ratio for scenario ids [193, 183, 186, 204]: 0.666666666667
DEBUG      2019-07-25 12:05:25,905  153:BoxPlotter                      	 Appending plot data [0.9800399292512066, 0.0] for x tick lable 0.5 with existing values: [[0.0, 0.10662837930188807, 2.5432758503225035, 0.0, 0.0, 0.8518100253641274, 0.5331418965094403, 0.20249657707723173, 0.0, 0.0], 34, 44]
WARNING    2019-07-25 12:05:25,905  206:BoxPlotter                      	 Reduced solution not found for scenario number 187, skipping from aggregating...
DEBUG      2019-07-25 12:05:25,905  142:BoxPlotter                      	 Feasibility ratio for scenario ids [194, 196, 187, 205]: 0.333333333333
DEBUG      2019-07-25 12:05:25,905  153:BoxPlotter                      	 Appending plot data [0.43962682722064467] for x tick lable 0.5 with existing values: [[0.0, 0.10662837930188807, 2.5432758503225035, 0.0, 0.0, 0.8518100253641274, 0.5331418965094403, 0.20249657707723173, 0.0, 0.0, 0.9800399292512066, 0.0], 35, 47]
DEBUG      2019-07-25 12:05:25,905  142:BoxPlotter                      	 Feasibility ratio for scenario ids [195, 197, 200, 206]: 0.25
DEBUG      2019-07-25 12:05:25,905  153:BoxPlotter                      	 Appending plot data [0.12106230243099259] for x tick lable 0.5 with existing values: [[0.0, 0.10662837930188807, 2.5432758503225035, 0.0, 0.0, 0.8518100253641274, 0.5331418965094403, 0.20249657707723173, 0.0, 0.0, 0.9800399292512066, 0.0, 0.43962682722064467], 37, 50]
DEBUG      2019-07-25 12:05:25,906  142:BoxPlotter                      	 Feasibility ratio for scenario ids [545, 198, 201, 207]: 0.25
DEBUG      2019-07-25 12:05:25,906  153:BoxPlotter                      	 Appending plot data [0.6200306715373661] for x tick lable 1.0 with existing values: [[0.0, 0.0, 0.0], 29, 32]
WARNING    2019-07-25 12:05:25,906  206:BoxPlotter                      	 Reduced solution not found for scenario number 199, skipping from aggregating...
DEBUG      2019-07-25 12:05:25,906  142:BoxPlotter                      	 Feasibility ratio for scenario ids [546, 199, 202, 220]: 0.0
DEBUG      2019-07-25 12:05:25,906  153:BoxPlotter                      	 Appending plot data [] for x tick lable 1.0 with existing values: [[0.0, 0.0, 0.0, 0.6200306715373661], 32, 36]
WARNING    2019-07-25 12:05:25,906  206:BoxPlotter                      	 Reduced solution not found for scenario number 221, skipping from aggregating...
DEBUG      2019-07-25 12:05:25,906  142:BoxPlotter                      	 Feasibility ratio for scenario ids [208, 518, 203, 221]: 0.0
DEBUG      2019-07-25 12:05:25,906  153:BoxPlotter                      	 Appending plot data [] for x tick lable 0.75 with existing values: [[0.0, 0.8792536544412893, 0.0803826902949804, 0.24212460486198517, 1.0555200611935402, 1.8026851699025666, 0.0], 31, 38]
WARNING    2019-07-25 12:05:25,906  206:BoxPlotter                      	 Reduced solution not found for scenario number 212, skipping from aggregating...
DEBUG      2019-07-25 12:05:25,907  142:BoxPlotter                      	 Feasibility ratio for scenario ids [209, 212, 216, 222]: 0.0
DEBUG      2019-07-25 12:05:25,907  153:BoxPlotter                      	 Appending plot data [] for x tick lable 0.75 with existing values: [[0.0, 0.8792536544412893, 0.0803826902949804, 0.24212460486198517, 1.0555200611935402, 1.8026851699025666, 0.0], 34, 41]
WARNING    2019-07-25 12:05:25,907  206:BoxPlotter                      	 Reduced solution not found for scenario number 213, skipping from aggregating...
DEBUG      2019-07-25 12:05:25,907  142:BoxPlotter                      	 Feasibility ratio for scenario ids [210, 213, 217, 223]: 0.0
DEBUG      2019-07-25 12:05:25,907  153:BoxPlotter                      	 Appending plot data [] for x tick lable 0.75 with existing values: [[0.0, 0.8792536544412893, 0.0803826902949804, 0.24212460486198517, 1.0555200611935402, 1.8026851699025666, 0.0], 37, 44]
DEBUG      2019-07-25 12:05:25,907  142:BoxPlotter                      	 Feasibility ratio for scenario ids [211, 214, 218, 380]: 0.0
DEBUG      2019-07-25 12:05:25,907  153:BoxPlotter                      	 Appending plot data [] for x tick lable 0.75 with existing values: [[0.0, 0.8792536544412893, 0.0803826902949804, 0.24212460486198517, 1.0555200611935402, 1.8026851699025666, 0.0], 40, 47]
DEBUG      2019-07-25 12:05:25,907  142:BoxPlotter                      	 Feasibility ratio for scenario ids [224, 215, 219, 236]: 0.0
DEBUG      2019-07-25 12:05:25,907  153:BoxPlotter                      	 Appending plot data [] for x tick lable 1.0 with existing values: [[0.0, 0.0, 0.0, 0.6200306715373661], 35, 39]
DEBUG      2019-07-25 12:05:25,908  142:BoxPlotter                      	 Feasibility ratio for scenario ids [225, 548, 232, 237]: 0.0
DEBUG      2019-07-25 12:05:25,908  153:BoxPlotter                      	 Appending plot data [] for x tick lable 1.0 with existing values: [[0.0, 0.0, 0.0, 0.6200306715373661], 39, 43]
DEBUG      2019-07-25 12:05:25,908  142:BoxPlotter                      	 Feasibility ratio for scenario ids [226, 549, 233, 238]: 0.0
DEBUG      2019-07-25 12:05:25,908  153:BoxPlotter                      	 Appending plot data [] for x tick lable 1.0 with existing values: [[0.0, 0.0, 0.0, 0.6200306715373661], 43, 47]
DEBUG      2019-07-25 12:05:25,908  142:BoxPlotter                      	 Feasibility ratio for scenario ids [227, 228, 234, 239]: 0.0
DEBUG      2019-07-25 12:05:25,908  153:BoxPlotter                      	 Appending plot data [] for x tick lable 1.0 with existing values: [[0.0, 0.0, 0.0, 0.6200306715373661], 47, 51]
DEBUG      2019-07-25 12:05:25,908  142:BoxPlotter                      	 Feasibility ratio for scenario ids [240, 550, 235, 252]: 0.5
DEBUG      2019-07-25 12:05:25,908  153:BoxPlotter                      	 Appending plot data [0.0, 0.0] for x tick lable 0.1 with existing values: [[0.0, 0.0, 0.024212460486198524, 0.0, 0.0, 0.0, 0.0, 0.0, 0.0, 0.0, 0.12703602363889924, 0.0, 0.0, 0.0, 0.0, 0.0, 0.0, 0.0, 0.0, 0.0, 0.0, 0.0, 0.0, 0.0, 0.06351801181944962, 0.0, 0.0, 0.0, 0.0, 0.0, 0.0, 0.0, 0.0, 0.0, 0.0, 0.0, 0.0, 0.0, 0.0], 8, 47]
DEBUG      2019-07-25 12:05:25,908  142:BoxPlotter                      	 Feasibility ratio for scenario ids [241, 230, 552, 253]: 0.5
DEBUG      2019-07-25 12:05:25,908  153:BoxPlotter                      	 Appending plot data [0.0, 0.0] for x tick lable 0.1 with existing values: [[0.0, 0.0, 0.024212460486198524, 0.0, 0.0, 0.0, 0.0, 0.0, 0.0, 0.0, 0.12703602363889924, 0.0, 0.0, 0.0, 0.0, 0.0, 0.0, 0.0, 0.0, 0.0, 0.0, 0.0, 0.0, 0.0, 0.06351801181944962, 0.0, 0.0, 0.0, 0.0, 0.0, 0.0, 0.0, 0.0, 0.0, 0.0, 0.0, 0.0, 0.0, 0.0, 0.0, 0.0], 10, 51]
DEBUG      2019-07-25 12:05:25,909  142:BoxPlotter                      	 Feasibility ratio for scenario ids [242, 231, 553, 254]: 0.5
DEBUG      2019-07-25 12:05:25,909  153:BoxPlotter                      	 Appending plot data [0.0, 0.0] for x tick lable 0.1 with existing values: [[0.0, 0.0, 0.024212460486198524, 0.0, 0.0, 0.0, 0.0, 0.0, 0.0, 0.0, 0.12703602363889924, 0.0, 0.0, 0.0, 0.0, 0.0, 0.0, 0.0, 0.0, 0.0, 0.0, 0.0, 0.0, 0.0, 0.06351801181944962, 0.0, 0.0, 0.0, 0.0, 0.0, 0.0, 0.0, 0.0, 0.0, 0.0, 0.0, 0.0, 0.0, 0.0, 0.0, 0.0, 0.0, 0.0], 12, 55]
DEBUG      2019-07-25 12:05:25,909  142:BoxPlotter                      	 Feasibility ratio for scenario ids [243, 551, 248, 255]: 0.75
DEBUG      2019-07-25 12:05:25,909  153:BoxPlotter                      	 Appending plot data [0.0, 0.0, 0.0] for x tick lable 0.1 with existing values: [[0.0, 0.0, 0.024212460486198524, 0.0, 0.0, 0.0, 0.0, 0.0, 0.0, 0.0, 0.12703602363889924, 0.0, 0.0, 0.0, 0.0, 0.0, 0.0, 0.0, 0.0, 0.0, 0.0, 0.0, 0.0, 0.0, 0.06351801181944962, 0.0, 0.0, 0.0, 0.0, 0.0, 0.0, 0.0, 0.0, 0.0, 0.0, 0.0, 0.0, 0.0, 0.0, 0.0, 0.0, 0.0, 0.0, 0.0, 0.0], 14, 59]
DEBUG      2019-07-25 12:05:25,909  142:BoxPlotter                      	 Feasibility ratio for scenario ids [547, 244, 249, 556]: 0.5
DEBUG      2019-07-25 12:05:25,909  153:BoxPlotter                      	 Appending plot data [0.0, 0.0] for x tick lable 1.0 with existing values: [[0.0, 0.0, 0.0, 0.6200306715373661], 51, 55]
DEBUG      2019-07-25 12:05:25,909  142:BoxPlotter                      	 Feasibility ratio for scenario ids [256, 245, 250, 268]: 0.75
DEBUG      2019-07-25 12:05:25,909  153:BoxPlotter                      	 Appending plot data [0.0, 0.0, 0.0] for x tick lable 0.25 with existing values: [[0.0, 0.0, 0.0, 0.08792536544412893, 0.48424920972397034, 0.0, 0.0, 0.0, 0.0, 0.0, 0.0, 0.0, 0.40499315415446346, 0.0, 0.0, 0.0, 0.0, 0.0, 0.03175900590972481, 0.0, 0.0, 0.0, 0.0, 0.0, 0.0, 0.0, 0.0, 0.0, 0.0], 18, 47]
DEBUG      2019-07-25 12:05:25,910  142:BoxPlotter                      	 Feasibility ratio for scenario ids [257, 246, 251, 269]: 1.0
DEBUG      2019-07-25 12:05:25,910  153:BoxPlotter                      	 Appending plot data [0.0, 0.0, 0.0, 0.0] for x tick lable 0.25 with existing values: [[0.0, 0.0, 0.0, 0.08792536544412893, 0.48424920972397034, 0.0, 0.0, 0.0, 0.0, 0.0, 0.0, 0.0, 0.40499315415446346, 0.0, 0.0, 0.0, 0.0, 0.0, 0.03175900590972481, 0.0, 0.0, 0.0, 0.0, 0.0, 0.0, 0.0, 0.0, 0.0, 0.0, 0.0, 0.0, 0.0], 19, 51]
DEBUG      2019-07-25 12:05:25,910  142:BoxPlotter                      	 Feasibility ratio for scenario ids [258, 247, 42, 270]: 0.75
DEBUG      2019-07-25 12:05:25,910  153:BoxPlotter                      	 Appending plot data [0.0, 0.0211726706064832, 0.0] for x tick lable 0.25 with existing values: [[0.0, 0.0, 0.0, 0.08792536544412893, 0.48424920972397034, 0.0, 0.0, 0.0, 0.0, 0.0, 0.0, 0.0, 0.40499315415446346, 0.0, 0.0, 0.0, 0.0, 0.0, 0.03175900590972481, 0.0, 0.0, 0.0, 0.0, 0.0, 0.0, 0.0, 0.0, 0.0, 0.0, 0.0, 0.0, 0.0, 0.0, 0.0, 0.0, 0.0], 19, 55]
DEBUG      2019-07-25 12:05:25,910  142:BoxPlotter                      	 Feasibility ratio for scenario ids [259, 260, 43, 45]: 0.25
DEBUG      2019-07-25 12:05:25,910  153:BoxPlotter                      	 Appending plot data [0.0] for x tick lable 0.25 with existing values: [[0.0, 0.0, 0.0, 0.08792536544412893, 0.48424920972397034, 0.0, 0.0, 0.0, 0.0, 0.0, 0.0, 0.0, 0.40499315415446346, 0.0, 0.0, 0.0, 0.0, 0.0, 0.03175900590972481, 0.0, 0.0, 0.0, 0.0, 0.0, 0.0, 0.0, 0.0, 0.0, 0.0, 0.0, 0.0, 0.0, 0.0, 0.0, 0.0, 0.0, 0.0, 0.0211726706064832, 0.0], 20, 59]
DEBUG      2019-07-25 12:05:25,910  142:BoxPlotter                      	 Feasibility ratio for scenario ids [272, 261, 264, 558]: 0.75
DEBUG      2019-07-25 12:05:25,910  153:BoxPlotter                      	 Appending plot data [0.35542793100629355, 0.0, 0.0] for x tick lable 0.5 with existing values: [[0.0, 0.10662837930188807, 2.5432758503225035, 0.0, 0.0, 0.8518100253641274, 0.5331418965094403, 0.20249657707723173, 0.0, 0.0, 0.9800399292512066, 0.0, 0.43962682722064467, 0.12106230243099259], 40, 54]
DEBUG      2019-07-25 12:05:25,911  142:BoxPlotter                      	 Feasibility ratio for scenario ids [273, 262, 265, 47]: 0.5
DEBUG      2019-07-25 12:05:25,911  153:BoxPlotter                      	 Appending plot data [0.13499771805148778, 0.0] for x tick lable 0.5 with existing values: [[0.0, 0.10662837930188807, 2.5432758503225035, 0.0, 0.0, 0.8518100253641274, 0.5331418965094403, 0.20249657707723173, 0.0, 0.0, 0.9800399292512066, 0.0, 0.43962682722064467, 0.12106230243099259, 0.35542793100629355, 0.0, 0.0], 41, 58]
DEBUG      2019-07-25 12:05:25,911  142:BoxPlotter                      	 Feasibility ratio for scenario ids [274, 263, 266, 284]: 0.5
DEBUG      2019-07-25 12:05:25,911  153:BoxPlotter                      	 Appending plot data [0.6533599528341377, 0.0] for x tick lable 0.5 with existing values: [[0.0, 0.10662837930188807, 2.5432758503225035, 0.0, 0.0, 0.8518100253641274, 0.5331418965094403, 0.20249657707723173, 0.0, 0.0, 0.9800399292512066, 0.0, 0.43962682722064467, 0.12106230243099259, 0.35542793100629355, 0.0, 0.0, 0.13499771805148778, 0.0], 43, 62]
DEBUG      2019-07-25 12:05:25,911  142:BoxPlotter                      	 Feasibility ratio for scenario ids [275, 276, 267, 285]: 0.5
DEBUG      2019-07-25 12:05:25,911  153:BoxPlotter                      	 Appending plot data [0.2930845514804298, 0.026794230098326797] for x tick lable 0.5 with existing values: [[0.0, 0.10662837930188807, 2.5432758503225035, 0.0, 0.0, 0.8518100253641274, 0.5331418965094403, 0.20249657707723173, 0.0, 0.0, 0.9800399292512066, 0.0, 0.43962682722064467, 0.12106230243099259, 0.35542793100629355, 0.0, 0.0, 0.13499771805148778, 0.0, 0.6533599528341377, 0.0], 45, 66]
DEBUG      2019-07-25 12:05:25,911  142:BoxPlotter                      	 Feasibility ratio for scenario ids [288, 277, 280, 286]: 0.25
DEBUG      2019-07-25 12:05:25,911  153:BoxPlotter                      	 Appending plot data [0.08070820162066172] for x tick lable 0.75 with existing values: [[0.0, 0.8792536544412893, 0.0803826902949804, 0.24212460486198517, 1.0555200611935402, 1.8026851699025666, 0.0], 44, 51]
DEBUG      2019-07-25 12:05:25,912  142:BoxPlotter                      	 Feasibility ratio for scenario ids [289, 278, 281, 287]: 0.25
DEBUG      2019-07-25 12:05:25,912  153:BoxPlotter                      	 Appending plot data [0.4133537810249108] for x tick lable 0.75 with existing values: [[0.0, 0.8792536544412893, 0.0803826902949804, 0.24212460486198517, 1.0555200611935402, 1.8026851699025666, 0.0, 0.08070820162066172], 47, 55]
DEBUG      2019-07-25 12:05:25,912  142:BoxPlotter                      	 Feasibility ratio for scenario ids [290, 279, 282, 300]: 0.0
DEBUG      2019-07-25 12:05:25,912  153:BoxPlotter                      	 Appending plot data [] for x tick lable 0.75 with existing values: [[0.0, 0.8792536544412893, 0.0803826902949804, 0.24212460486198517, 1.0555200611935402, 1.8026851699025666, 0.0, 0.08070820162066172, 0.4133537810249108], 50, 59]
WARNING    2019-07-25 12:05:25,912  206:BoxPlotter                      	 Reduced solution not found for scenario number 292, skipping from aggregating...
DEBUG      2019-07-25 12:05:25,912  142:BoxPlotter                      	 Feasibility ratio for scenario ids [291, 292, 283, 301]: 0.0
DEBUG      2019-07-25 12:05:25,912  153:BoxPlotter                      	 Appending plot data [] for x tick lable 0.75 with existing values: [[0.0, 0.8792536544412893, 0.0803826902949804, 0.24212460486198517, 1.0555200611935402, 1.8026851699025666, 0.0, 0.08070820162066172, 0.4133537810249108], 54, 63]
WARNING    2019-07-25 12:05:25,912  206:BoxPlotter                      	 Reduced solution not found for scenario number 293, skipping from aggregating...
DEBUG      2019-07-25 12:05:25,912  142:BoxPlotter                      	 Feasibility ratio for scenario ids [112, 293, 296, 302]: 0.333333333333
DEBUG      2019-07-25 12:05:25,913  153:BoxPlotter                      	 Appending plot data [1.0662837930188807] for x tick lable 0.5 with existing values: [[0.0, 0.10662837930188807, 2.5432758503225035, 0.0, 0.0, 0.8518100253641274, 0.5331418965094403, 0.20249657707723173, 0.0, 0.0, 0.9800399292512066, 0.0, 0.43962682722064467, 0.12106230243099259, 0.35542793100629355, 0.0, 0.0, 0.13499771805148778, 0.0, 0.6533599528341377, 0.0, 0.2930845514804298, 0.026794230098326797], 47, 70]
WARNING    2019-07-25 12:05:25,913  206:BoxPlotter                      	 Reduced solution not found for scenario number 297, skipping from aggregating...
DEBUG      2019-07-25 12:05:25,913  142:BoxPlotter                      	 Feasibility ratio for scenario ids [304, 294, 297, 303]: 0.0
DEBUG      2019-07-25 12:05:25,913  153:BoxPlotter                      	 Appending plot data [] for x tick lable 1.0 with existing values: [[0.0, 0.0, 0.0, 0.6200306715373661, 0.0, 0.0], 53, 59]
DEBUG      2019-07-25 12:05:25,913  142:BoxPlotter                      	 Feasibility ratio for scenario ids [305, 295, 298, 316]: 0.0
DEBUG      2019-07-25 12:05:25,913  153:BoxPlotter                      	 Appending plot data [] for x tick lable 1.0 with existing values: [[0.0, 0.0, 0.0, 0.6200306715373661, 0.0, 0.0], 56, 62]
DEBUG      2019-07-25 12:05:25,913  142:BoxPlotter                      	 Feasibility ratio for scenario ids [306, 308, 299, 317]: 0.0
DEBUG      2019-07-25 12:05:25,913  153:BoxPlotter                      	 Appending plot data [] for x tick lable 1.0 with existing values: [[0.0, 0.0, 0.0, 0.6200306715373661, 0.0, 0.0], 60, 66]
DEBUG      2019-07-25 12:05:25,913  142:BoxPlotter                      	 Feasibility ratio for scenario ids [307, 309, 312, 318]: 0.0
DEBUG      2019-07-25 12:05:25,913  153:BoxPlotter                      	 Appending plot data [] for x tick lable 1.0 with existing values: [[0.0, 0.0, 0.0, 0.6200306715373661, 0.0, 0.0], 64, 70]
DEBUG      2019-07-25 12:05:25,914  142:BoxPlotter                      	 Feasibility ratio for scenario ids [320, 310, 313, 319]: 0.25
DEBUG      2019-07-25 12:05:25,914  153:BoxPlotter                      	 Appending plot data [0.0] for x tick lable 0.1 with existing values: [[0.0, 0.0, 0.024212460486198524, 0.0, 0.0, 0.0, 0.0, 0.0, 0.0, 0.0, 0.12703602363889924, 0.0, 0.0, 0.0, 0.0, 0.0, 0.0, 0.0, 0.0, 0.0, 0.0, 0.0, 0.0, 0.0, 0.06351801181944962, 0.0, 0.0, 0.0, 0.0, 0.0, 0.0, 0.0, 0.0, 0.0, 0.0, 0.0, 0.0, 0.0, 0.0, 0.0, 0.0, 0.0, 0.0, 0.0, 0.0, 0.0, 0.0, 0.0], 15, 63]
DEBUG      2019-07-25 12:05:25,914  142:BoxPlotter                      	 Feasibility ratio for scenario ids [321, 311, 314, 332]: 0.5
DEBUG      2019-07-25 12:05:25,914  153:BoxPlotter                      	 Appending plot data [0.0, 0.0] for x tick lable 0.1 with existing values: [[0.0, 0.0, 0.024212460486198524, 0.0, 0.0, 0.0, 0.0, 0.0, 0.0, 0.0, 0.12703602363889924, 0.0, 0.0, 0.0, 0.0, 0.0, 0.0, 0.0, 0.0, 0.0, 0.0, 0.0, 0.0, 0.0, 0.06351801181944962, 0.0, 0.0, 0.0, 0.0, 0.0, 0.0, 0.0, 0.0, 0.0, 0.0, 0.0, 0.0, 0.0, 0.0, 0.0, 0.0, 0.0, 0.0, 0.0, 0.0, 0.0, 0.0, 0.0, 0.0], 18, 67]
DEBUG      2019-07-25 12:05:25,914  142:BoxPlotter                      	 Feasibility ratio for scenario ids [322, 324, 315, 333]: 0.75
DEBUG      2019-07-25 12:05:25,914  153:BoxPlotter                      	 Appending plot data [0.0, 0.0, 0.0] for x tick lable 0.1 with existing values: [[0.0, 0.0, 0.024212460486198524, 0.0, 0.0, 0.0, 0.0, 0.0, 0.0, 0.0, 0.12703602363889924, 0.0, 0.0, 0.0, 0.0, 0.0, 0.0, 0.0, 0.0, 0.0, 0.0, 0.0, 0.0, 0.0, 0.06351801181944962, 0.0, 0.0, 0.0, 0.0, 0.0, 0.0, 0.0, 0.0, 0.0, 0.0, 0.0, 0.0, 0.0, 0.0, 0.0, 0.0, 0.0, 0.0, 0.0, 0.0, 0.0, 0.0, 0.0, 0.0, 0.0, 0.0], 20, 71]
DEBUG      2019-07-25 12:05:25,914  142:BoxPlotter                      	 Feasibility ratio for scenario ids [323, 325, 328, 334]: 1.0
DEBUG      2019-07-25 12:05:25,914  153:BoxPlotter                      	 Appending plot data [0.0, 0.0, 0.0, 0.0] for x tick lable 0.1 with existing values: [[0.0, 0.0, 0.024212460486198524, 0.0, 0.0, 0.0, 0.0, 0.0, 0.0, 0.0, 0.12703602363889924, 0.0, 0.0, 0.0, 0.0, 0.0, 0.0, 0.0, 0.0, 0.0, 0.0, 0.0, 0.0, 0.0, 0.06351801181944962, 0.0, 0.0, 0.0, 0.0, 0.0, 0.0, 0.0, 0.0, 0.0, 0.0, 0.0, 0.0, 0.0, 0.0, 0.0, 0.0, 0.0, 0.0, 0.0, 0.0, 0.0, 0.0, 0.0, 0.0, 0.0, 0.0, 0.0, 0.0, 0.0], 21, 75]
DEBUG      2019-07-25 12:05:25,914  142:BoxPlotter                      	 Feasibility ratio for scenario ids [336, 326, 329, 335]: 1.0
DEBUG      2019-07-25 12:05:25,914  153:BoxPlotter                      	 Appending plot data [0.0, 0.0, 0.0, 0.0] for x tick lable 0.25 with existing values: [[0.0, 0.0, 0.0, 0.08792536544412893, 0.48424920972397034, 0.0, 0.0, 0.0, 0.0, 0.0, 0.0, 0.0, 0.40499315415446346, 0.0, 0.0, 0.0, 0.0, 0.0, 0.03175900590972481, 0.0, 0.0, 0.0, 0.0, 0.0, 0.0, 0.0, 0.0, 0.0, 0.0, 0.0, 0.0, 0.0, 0.0, 0.0, 0.0, 0.0, 0.0, 0.0211726706064832, 0.0, 0.0], 23, 63]
DEBUG      2019-07-25 12:05:25,915  142:BoxPlotter                      	 Feasibility ratio for scenario ids [337, 327, 330, 348]: 0.75
DEBUG      2019-07-25 12:05:25,915  153:BoxPlotter                      	 Appending plot data [0.0, 0.015879502954862405, 0.0] for x tick lable 0.25 with existing values: [[0.0, 0.0, 0.0, 0.08792536544412893, 0.48424920972397034, 0.0, 0.0, 0.0, 0.0, 0.0, 0.0, 0.0, 0.40499315415446346, 0.0, 0.0, 0.0, 0.0, 0.0, 0.03175900590972481, 0.0, 0.0, 0.0, 0.0, 0.0, 0.0, 0.0, 0.0, 0.0, 0.0, 0.0, 0.0, 0.0, 0.0, 0.0, 0.0, 0.0, 0.0, 0.0211726706064832, 0.0, 0.0, 0.0, 0.0, 0.0, 0.0], 23, 67]
DEBUG      2019-07-25 12:05:25,915  142:BoxPlotter                      	 Feasibility ratio for scenario ids [338, 340, 331, 349]: 1.0
DEBUG      2019-07-25 12:05:25,915  153:BoxPlotter                      	 Appending plot data [0.0, 0.0, 0.0, 0.0] for x tick lable 0.25 with existing values: [[0.0, 0.0, 0.0, 0.08792536544412893, 0.48424920972397034, 0.0, 0.0, 0.0, 0.0, 0.0, 0.0, 0.0, 0.40499315415446346, 0.0, 0.0, 0.0, 0.0, 0.0, 0.03175900590972481, 0.0, 0.0, 0.0, 0.0, 0.0, 0.0, 0.0, 0.0, 0.0, 0.0, 0.0, 0.0, 0.0, 0.0, 0.0, 0.0, 0.0, 0.0, 0.0211726706064832, 0.0, 0.0, 0.0, 0.0, 0.0, 0.0, 0.0, 0.015879502954862405, 0.0], 24, 71]
DEBUG      2019-07-25 12:05:25,915  142:BoxPlotter                      	 Feasibility ratio for scenario ids [339, 341, 344, 350]: 0.75
DEBUG      2019-07-25 12:05:25,915  153:BoxPlotter                      	 Appending plot data [0.0, 0.0, 0.0] for x tick lable 0.25 with existing values: [[0.0, 0.0, 0.0, 0.08792536544412893, 0.48424920972397034, 0.0, 0.0, 0.0, 0.0, 0.0, 0.0, 0.0, 0.40499315415446346, 0.0, 0.0, 0.0, 0.0, 0.0, 0.03175900590972481, 0.0, 0.0, 0.0, 0.0, 0.0, 0.0, 0.0, 0.0, 0.0, 0.0, 0.0, 0.0, 0.0, 0.0, 0.0, 0.0, 0.0, 0.0, 0.0211726706064832, 0.0, 0.0, 0.0, 0.0, 0.0, 0.0, 0.0, 0.015879502954862405, 0.0, 0.0, 0.0, 0.0, 0.0], 24, 75]
DEBUG      2019-07-25 12:05:25,915  142:BoxPlotter                      	 Feasibility ratio for scenario ids [352, 342, 345, 351]: 1.0
DEBUG      2019-07-25 12:05:25,915  153:BoxPlotter                      	 Appending plot data [0.26657094825472016, 0.10124828853861587, 0.0, 0.0] for x tick lable 0.5 with existing values: [[0.0, 0.10662837930188807, 2.5432758503225035, 0.0, 0.0, 0.8518100253641274, 0.5331418965094403, 0.20249657707723173, 0.0, 0.0, 0.9800399292512066, 0.0, 0.43962682722064467, 0.12106230243099259, 0.35542793100629355, 0.0, 0.0, 0.13499771805148778, 0.0, 0.6533599528341377, 0.0, 0.2930845514804298, 0.026794230098326797, 1.0662837930188807], 49, 73]
WARNING    2019-07-25 12:05:25,915  206:BoxPlotter                      	 Reduced solution not found for scenario number 353, skipping from aggregating...
DEBUG      2019-07-25 12:05:25,915  142:BoxPlotter                      	 Feasibility ratio for scenario ids [353, 343, 346, 364]: 0.666666666667
DEBUG      2019-07-25 12:05:25,915  153:BoxPlotter                      	 Appending plot data [0.4900199646256033, 0.0] for x tick lable 0.5 with existing values: [[0.0, 0.10662837930188807, 2.5432758503225035, 0.0, 0.0, 0.8518100253641274, 0.5331418965094403, 0.20249657707723173, 0.0, 0.0, 0.9800399292512066, 0.0, 0.43962682722064467, 0.12106230243099259, 0.35542793100629355, 0.0, 0.0, 0.13499771805148778, 0.0, 0.6533599528341377, 0.0, 0.2930845514804298, 0.026794230098326797, 1.0662837930188807, 0.26657094825472016, 0.10124828853861587, 0.0, 0.0], 49, 77]
WARNING    2019-07-25 12:05:25,915  206:BoxPlotter                      	 Reduced solution not found for scenario number 347, skipping from aggregating...
DEBUG      2019-07-25 12:05:25,916  142:BoxPlotter                      	 Feasibility ratio for scenario ids [354, 229, 347, 365]: 0.0
DEBUG      2019-07-25 12:05:25,916  153:BoxPlotter                      	 Appending plot data [] for x tick lable 0.5 with existing values: [[0.0, 0.10662837930188807, 2.5432758503225035, 0.0, 0.0, 0.8518100253641274, 0.5331418965094403, 0.20249657707723173, 0.0, 0.0, 0.9800399292512066, 0.0, 0.43962682722064467, 0.12106230243099259, 0.35542793100629355, 0.0, 0.0, 0.13499771805148778, 0.0, 0.6533599528341377, 0.0, 0.2930845514804298, 0.026794230098326797, 1.0662837930188807, 0.26657094825472016, 0.10124828853861587, 0.0, 0.0, 0.4900199646256033, 0.0], 50, 80]
DEBUG      2019-07-25 12:05:25,916  142:BoxPlotter                      	 Feasibility ratio for scenario ids [355, 356, 360, 366]: 0.5
DEBUG      2019-07-25 12:05:25,916  153:BoxPlotter                      	 Appending plot data [0.21981341361032233, 0.06053115121549629] for x tick lable 0.5 with existing values: [[0.0, 0.10662837930188807, 2.5432758503225035, 0.0, 0.0, 0.8518100253641274, 0.5331418965094403, 0.20249657707723173, 0.0, 0.0, 0.9800399292512066, 0.0, 0.43962682722064467, 0.12106230243099259, 0.35542793100629355, 0.0, 0.0, 0.13499771805148778, 0.0, 0.6533599528341377, 0.0, 0.2930845514804298, 0.026794230098326797, 1.0662837930188807, 0.26657094825472016, 0.10124828853861587, 0.0, 0.0, 0.4900199646256033, 0.0], 53, 83]
DEBUG      2019-07-25 12:05:25,916  142:BoxPlotter                      	 Feasibility ratio for scenario ids [368, 357, 361, 367]: 0.25
DEBUG      2019-07-25 12:05:25,916  153:BoxPlotter                      	 Appending plot data [0.31001533576868306] for x tick lable 0.75 with existing values: [[0.0, 0.8792536544412893, 0.0803826902949804, 0.24212460486198517, 1.0555200611935402, 1.8026851699025666, 0.0, 0.08070820162066172, 0.4133537810249108], 57, 66]
DEBUG      2019-07-25 12:05:25,916  142:BoxPlotter                      	 Feasibility ratio for scenario ids [369, 358, 362, 541]: 0.0
DEBUG      2019-07-25 12:05:25,916  153:BoxPlotter                      	 Appending plot data [] for x tick lable 0.75 with existing values: [[0.0, 0.8792536544412893, 0.0803826902949804, 0.24212460486198517, 1.0555200611935402, 1.8026851699025666, 0.0, 0.08070820162066172, 0.4133537810249108, 0.31001533576868306], 60, 70]
WARNING    2019-07-25 12:05:25,916  206:BoxPlotter                      	 Reduced solution not found for scenario number 359, skipping from aggregating...
WARNING    2019-07-25 12:05:25,916  206:BoxPlotter                      	 Reduced solution not found for scenario number 381, skipping from aggregating...
DEBUG      2019-07-25 12:05:25,916  142:BoxPlotter                      	 Feasibility ratio for scenario ids [370, 359, 363, 381]: 0.0
DEBUG      2019-07-25 12:05:25,917  153:BoxPlotter                      	 Appending plot data [] for x tick lable 0.75 with existing values: [[0.0, 0.8792536544412893, 0.0803826902949804, 0.24212460486198517, 1.0555200611935402, 1.8026851699025666, 0.0, 0.08070820162066172, 0.4133537810249108, 0.31001533576868306], 64, 74]
WARNING    2019-07-25 12:05:25,917  206:BoxPlotter                      	 Reduced solution not found for scenario number 372, skipping from aggregating...
DEBUG      2019-07-25 12:05:25,917  142:BoxPlotter                      	 Feasibility ratio for scenario ids [371, 372, 376, 382]: 0.0
DEBUG      2019-07-25 12:05:25,917  153:BoxPlotter                      	 Appending plot data [] for x tick lable 0.75 with existing values: [[0.0, 0.8792536544412893, 0.0803826902949804, 0.24212460486198517, 1.0555200611935402, 1.8026851699025666, 0.0, 0.08070820162066172, 0.4133537810249108, 0.31001533576868306], 66, 76]
WARNING    2019-07-25 12:05:25,917  206:BoxPlotter                      	 Reduced solution not found for scenario number 373, skipping from aggregating...
DEBUG      2019-07-25 12:05:25,917  142:BoxPlotter                      	 Feasibility ratio for scenario ids [384, 373, 377, 383]: 0.0
DEBUG      2019-07-25 12:05:25,917  153:BoxPlotter                      	 Appending plot data [] for x tick lable 1.0 with existing values: [[0.0, 0.0, 0.0, 0.6200306715373661, 0.0, 0.0], 68, 74]
DEBUG      2019-07-25 12:05:25,917  142:BoxPlotter                      	 Feasibility ratio for scenario ids [385, 374, 378, 396]: 0.0
DEBUG      2019-07-25 12:05:25,917  153:BoxPlotter                      	 Appending plot data [] for x tick lable 1.0 with existing values: [[0.0, 0.0, 0.0, 0.6200306715373661, 0.0, 0.0], 71, 77]
DEBUG      2019-07-25 12:05:25,917  142:BoxPlotter                      	 Feasibility ratio for scenario ids [386, 375, 379, 397]: 0.0
DEBUG      2019-07-25 12:05:25,917  153:BoxPlotter                      	 Appending plot data [] for x tick lable 1.0 with existing values: [[0.0, 0.0, 0.0, 0.6200306715373661, 0.0, 0.0], 75, 81]
DEBUG      2019-07-25 12:05:25,917  142:BoxPlotter                      	 Feasibility ratio for scenario ids [387, 388, 392, 398]: 0.0
DEBUG      2019-07-25 12:05:25,917  153:BoxPlotter                      	 Appending plot data [] for x tick lable 1.0 with existing values: [[0.0, 0.0, 0.0, 0.6200306715373661, 0.0, 0.0], 79, 85]
DEBUG      2019-07-25 12:05:25,918  142:BoxPlotter                      	 Feasibility ratio for scenario ids [400, 389, 393, 399]: 0.25
DEBUG      2019-07-25 12:05:25,918  153:BoxPlotter                      	 Appending plot data [0.0] for x tick lable 0.1 with existing values: [[0.0, 0.0, 0.024212460486198524, 0.0, 0.0, 0.0, 0.0, 0.0, 0.0, 0.0, 0.12703602363889924, 0.0, 0.0, 0.0, 0.0, 0.0, 0.0, 0.0, 0.0, 0.0, 0.0, 0.0, 0.0, 0.0, 0.06351801181944962, 0.0, 0.0, 0.0, 0.0, 0.0, 0.0, 0.0, 0.0, 0.0, 0.0, 0.0, 0.0, 0.0, 0.0, 0.0, 0.0, 0.0, 0.0, 0.0, 0.0, 0.0, 0.0, 0.0, 0.0, 0.0, 0.0, 0.0, 0.0, 0.0, 0.0, 0.0, 0.0, 0.0], 21, 79]
DEBUG      2019-07-25 12:05:25,918  142:BoxPlotter                      	 Feasibility ratio for scenario ids [401, 390, 394, 412]: 0.5
DEBUG      2019-07-25 12:05:25,918  153:BoxPlotter                      	 Appending plot data [0.0, 0.0] for x tick lable 0.1 with existing values: [[0.0, 0.0, 0.024212460486198524, 0.0, 0.0, 0.0, 0.0, 0.0, 0.0, 0.0, 0.12703602363889924, 0.0, 0.0, 0.0, 0.0, 0.0, 0.0, 0.0, 0.0, 0.0, 0.0, 0.0, 0.0, 0.0, 0.06351801181944962, 0.0, 0.0, 0.0, 0.0, 0.0, 0.0, 0.0, 0.0, 0.0, 0.0, 0.0, 0.0, 0.0, 0.0, 0.0, 0.0, 0.0, 0.0, 0.0, 0.0, 0.0, 0.0, 0.0, 0.0, 0.0, 0.0, 0.0, 0.0, 0.0, 0.0, 0.0, 0.0, 0.0, 0.0], 24, 83]
DEBUG      2019-07-25 12:05:25,919  142:BoxPlotter                      	 Feasibility ratio for scenario ids [402, 391, 395, 413]: 0.5
DEBUG      2019-07-25 12:05:25,919  153:BoxPlotter                      	 Appending plot data [0.0, 0.0] for x tick lable 0.1 with existing values: [[0.0, 0.0, 0.024212460486198524, 0.0, 0.0, 0.0, 0.0, 0.0, 0.0, 0.0, 0.12703602363889924, 0.0, 0.0, 0.0, 0.0, 0.0, 0.0, 0.0, 0.0, 0.0, 0.0, 0.0, 0.0, 0.0, 0.06351801181944962, 0.0, 0.0, 0.0, 0.0, 0.0, 0.0, 0.0, 0.0, 0.0, 0.0, 0.0, 0.0, 0.0, 0.0, 0.0, 0.0, 0.0, 0.0, 0.0, 0.0, 0.0, 0.0, 0.0, 0.0, 0.0, 0.0, 0.0, 0.0, 0.0, 0.0, 0.0, 0.0, 0.0, 0.0, 0.0, 0.0], 26, 87]
DEBUG      2019-07-25 12:05:25,919  142:BoxPlotter                      	 Feasibility ratio for scenario ids [403, 404, 408, 414]: 1.0
DEBUG      2019-07-25 12:05:25,919  153:BoxPlotter                      	 Appending plot data [0.0, 0.0, 0.0, 0.0] for x tick lable 0.1 with existing values: [[0.0, 0.0, 0.024212460486198524, 0.0, 0.0, 0.0, 0.0, 0.0, 0.0, 0.0, 0.12703602363889924, 0.0, 0.0, 0.0, 0.0, 0.0, 0.0, 0.0, 0.0, 0.0, 0.0, 0.0, 0.0, 0.0, 0.06351801181944962, 0.0, 0.0, 0.0, 0.0, 0.0, 0.0, 0.0, 0.0, 0.0, 0.0, 0.0, 0.0, 0.0, 0.0, 0.0, 0.0, 0.0, 0.0, 0.0, 0.0, 0.0, 0.0, 0.0, 0.0, 0.0, 0.0, 0.0, 0.0, 0.0, 0.0, 0.0, 0.0, 0.0, 0.0, 0.0, 0.0, 0.0, 0.0], 28, 91]
DEBUG      2019-07-25 12:05:25,919  142:BoxPlotter                      	 Feasibility ratio for scenario ids [416, 405, 409, 415]: 1.0
DEBUG      2019-07-25 12:05:25,919  153:BoxPlotter                      	 Appending plot data [0.0, 0.0, 0.0, 0.0] for x tick lable 0.25 with existing values: [[0.0, 0.0, 0.0, 0.08792536544412893, 0.48424920972397034, 0.0, 0.0, 0.0, 0.0, 0.0, 0.0, 0.0, 0.40499315415446346, 0.0, 0.0, 0.0, 0.0, 0.0, 0.03175900590972481, 0.0, 0.0, 0.0, 0.0, 0.0, 0.0, 0.0, 0.0, 0.0, 0.0, 0.0, 0.0, 0.0, 0.0, 0.0, 0.0, 0.0, 0.0, 0.0211726706064832, 0.0, 0.0, 0.0, 0.0, 0.0, 0.0, 0.0, 0.015879502954862405, 0.0, 0.0, 0.0, 0.0, 0.0, 0.0, 0.0, 0.0], 25, 79]
DEBUG      2019-07-25 12:05:25,919  142:BoxPlotter                      	 Feasibility ratio for scenario ids [417, 406, 410, 428]: 0.75
DEBUG      2019-07-25 12:05:25,919  153:BoxPlotter                      	 Appending plot data [0.0, 0.0, 0.0] for x tick lable 0.25 with existing values: [[0.0, 0.0, 0.0, 0.08792536544412893, 0.48424920972397034, 0.0, 0.0, 0.0, 0.0, 0.0, 0.0, 0.0, 0.40499315415446346, 0.0, 0.0, 0.0, 0.0, 0.0, 0.03175900590972481, 0.0, 0.0, 0.0, 0.0, 0.0, 0.0, 0.0, 0.0, 0.0, 0.0, 0.0, 0.0, 0.0, 0.0, 0.0, 0.0, 0.0, 0.0, 0.0211726706064832, 0.0, 0.0, 0.0, 0.0, 0.0, 0.0, 0.0, 0.015879502954862405, 0.0, 0.0, 0.0, 0.0, 0.0, 0.0, 0.0, 0.0, 0.0, 0.0, 0.0, 0.0], 25, 83]
DEBUG      2019-07-25 12:05:25,920  142:BoxPlotter                      	 Feasibility ratio for scenario ids [418, 407, 411, 429]: 1.0
DEBUG      2019-07-25 12:05:25,920  153:BoxPlotter                      	 Appending plot data [0.0, 0.012703602363889925, 0.0, 0.0] for x tick lable 0.25 with existing values: [[0.0, 0.0, 0.0, 0.08792536544412893, 0.48424920972397034, 0.0, 0.0, 0.0, 0.0, 0.0, 0.0, 0.0, 0.40499315415446346, 0.0, 0.0, 0.0, 0.0, 0.0, 0.03175900590972481, 0.0, 0.0, 0.0, 0.0, 0.0, 0.0, 0.0, 0.0, 0.0, 0.0, 0.0, 0.0, 0.0, 0.0, 0.0, 0.0, 0.0, 0.0, 0.0211726706064832, 0.0, 0.0, 0.0, 0.0, 0.0, 0.0, 0.0, 0.015879502954862405, 0.0, 0.0, 0.0, 0.0, 0.0, 0.0, 0.0, 0.0, 0.0, 0.0, 0.0, 0.0, 0.0, 0.0, 0.0], 26, 87]
DEBUG      2019-07-25 12:05:25,920  142:BoxPlotter                      	 Feasibility ratio for scenario ids [419, 420, 424, 430]: 0.75
DEBUG      2019-07-25 12:05:25,920  153:BoxPlotter                      	 Appending plot data [0.0, 0.0, 0.0] for x tick lable 0.25 with existing values: [[0.0, 0.0, 0.0, 0.08792536544412893, 0.48424920972397034, 0.0, 0.0, 0.0, 0.0, 0.0, 0.0, 0.0, 0.40499315415446346, 0.0, 0.0, 0.0, 0.0, 0.0, 0.03175900590972481, 0.0, 0.0, 0.0, 0.0, 0.0, 0.0, 0.0, 0.0, 0.0, 0.0, 0.0, 0.0, 0.0, 0.0, 0.0, 0.0, 0.0, 0.0, 0.0211726706064832, 0.0, 0.0, 0.0, 0.0, 0.0, 0.0, 0.0, 0.015879502954862405, 0.0, 0.0, 0.0, 0.0, 0.0, 0.0, 0.0, 0.0, 0.0, 0.0, 0.0, 0.0, 0.0, 0.0, 0.0, 0.0, 0.012703602363889925, 0.0, 0.0], 26, 91]
DEBUG      2019-07-25 12:05:25,920  142:BoxPlotter                      	 Feasibility ratio for scenario ids [432, 421, 425, 431]: 1.0
DEBUG      2019-07-25 12:05:25,920  153:BoxPlotter                      	 Appending plot data [0.21325675860377613, 0.0, 0.0, 0.0] for x tick lable 0.5 with existing values: [[0.0, 0.10662837930188807, 2.5432758503225035, 0.0, 0.0, 0.8518100253641274, 0.5331418965094403, 0.20249657707723173, 0.0, 0.0, 0.9800399292512066, 0.0, 0.43962682722064467, 0.12106230243099259, 0.35542793100629355, 0.0, 0.0, 0.13499771805148778, 0.0, 0.6533599528341377, 0.0, 0.2930845514804298, 0.026794230098326797, 1.0662837930188807, 0.26657094825472016, 0.10124828853861587, 0.0, 0.0, 0.4900199646256033, 0.0, 0.21981341361032233, 0.06053115121549629], 55, 87]
DEBUG      2019-07-25 12:05:25,920  142:BoxPlotter                      	 Feasibility ratio for scenario ids [433, 422, 426, 444]: 0.5
DEBUG      2019-07-25 12:05:25,920  153:BoxPlotter                      	 Appending plot data [0.08099863083089269, 0.0] for x tick lable 0.5 with existing values: [[0.0, 0.10662837930188807, 2.5432758503225035, 0.0, 0.0, 0.8518100253641274, 0.5331418965094403, 0.20249657707723173, 0.0, 0.0, 0.9800399292512066, 0.0, 0.43962682722064467, 0.12106230243099259, 0.35542793100629355, 0.0, 0.0, 0.13499771805148778, 0.0, 0.6533599528341377, 0.0, 0.2930845514804298, 0.026794230098326797, 1.0662837930188807, 0.26657094825472016, 0.10124828853861587, 0.0, 0.0, 0.4900199646256033, 0.0, 0.21981341361032233, 0.06053115121549629, 0.21325675860377613, 0.0, 0.0, 0.0], 55, 91]
DEBUG      2019-07-25 12:05:25,921  142:BoxPlotter                      	 Feasibility ratio for scenario ids [434, 423, 427, 445]: 0.5
DEBUG      2019-07-25 12:05:25,921  153:BoxPlotter                      	 Appending plot data [0.3920159717004827, 0.01607653805899608] for x tick lable 0.5 with existing values: [[0.0, 0.10662837930188807, 2.5432758503225035, 0.0, 0.0, 0.8518100253641274, 0.5331418965094403, 0.20249657707723173, 0.0, 0.0, 0.9800399292512066, 0.0, 0.43962682722064467, 0.12106230243099259, 0.35542793100629355, 0.0, 0.0, 0.13499771805148778, 0.0, 0.6533599528341377, 0.0, 0.2930845514804298, 0.026794230098326797, 1.0662837930188807, 0.26657094825472016, 0.10124828853861587, 0.0, 0.0, 0.4900199646256033, 0.0, 0.21981341361032233, 0.06053115121549629, 0.21325675860377613, 0.0, 0.0, 0.0, 0.08099863083089269, 0.0], 57, 95]
DEBUG      2019-07-25 12:05:25,921  142:BoxPlotter                      	 Feasibility ratio for scenario ids [435, 436, 440, 446]: 0.5
DEBUG      2019-07-25 12:05:25,921  153:BoxPlotter                      	 Appending plot data [0.17585073088825787, 0.04842492097239705] for x tick lable 0.5 with existing values: [[0.0, 0.10662837930188807, 2.5432758503225035, 0.0, 0.0, 0.8518100253641274, 0.5331418965094403, 0.20249657707723173, 0.0, 0.0, 0.9800399292512066, 0.0, 0.43962682722064467, 0.12106230243099259, 0.35542793100629355, 0.0, 0.0, 0.13499771805148778, 0.0, 0.6533599528341377, 0.0, 0.2930845514804298, 0.026794230098326797, 1.0662837930188807, 0.26657094825472016, 0.10124828853861587, 0.0, 0.0, 0.4900199646256033, 0.0, 0.21981341361032233, 0.06053115121549629, 0.21325675860377613, 0.0, 0.0, 0.0, 0.08099863083089269, 0.0, 0.3920159717004827, 0.01607653805899608], 59, 99]
WARNING    2019-07-25 12:05:25,921  206:BoxPlotter                      	 Reduced solution not found for scenario number 441, skipping from aggregating...
DEBUG      2019-07-25 12:05:25,921  142:BoxPlotter                      	 Feasibility ratio for scenario ids [448, 437, 441, 447]: 0.0
DEBUG      2019-07-25 12:05:25,921  153:BoxPlotter                      	 Appending plot data [] for x tick lable 0.75 with existing values: [[0.0, 0.8792536544412893, 0.0803826902949804, 0.24212460486198517, 1.0555200611935402, 1.8026851699025666, 0.0, 0.08070820162066172, 0.4133537810249108, 0.31001533576868306], 69, 79]
WARNING    2019-07-25 12:05:25,921  206:BoxPlotter                      	 Reduced solution not found for scenario number 449, skipping from aggregating...
DEBUG      2019-07-25 12:05:25,921  142:BoxPlotter                      	 Feasibility ratio for scenario ids [449, 438, 442, 460]: 0.0
DEBUG      2019-07-25 12:05:25,922  153:BoxPlotter                      	 Appending plot data [] for x tick lable 0.75 with existing values: [[0.0, 0.8792536544412893, 0.0803826902949804, 0.24212460486198517, 1.0555200611935402, 1.8026851699025666, 0.0, 0.08070820162066172, 0.4133537810249108, 0.31001533576868306], 72, 82]
DEBUG      2019-07-25 12:05:25,922  142:BoxPlotter                      	 Feasibility ratio for scenario ids [450, 439, 443, 461]: 0.0
DEBUG      2019-07-25 12:05:25,922  153:BoxPlotter                      	 Appending plot data [] for x tick lable 0.75 with existing values: [[0.0, 0.8792536544412893, 0.0803826902949804, 0.24212460486198517, 1.0555200611935402, 1.8026851699025666, 0.0, 0.08070820162066172, 0.4133537810249108, 0.31001533576868306], 75, 85]
WARNING    2019-07-25 12:05:25,922  206:BoxPlotter                      	 Reduced solution not found for scenario number 452, skipping from aggregating...
DEBUG      2019-07-25 12:05:25,922  142:BoxPlotter                      	 Feasibility ratio for scenario ids [451, 452, 456, 462]: 0.0
DEBUG      2019-07-25 12:05:25,922  153:BoxPlotter                      	 Appending plot data [] for x tick lable 0.75 with existing values: [[0.0, 0.8792536544412893, 0.0803826902949804, 0.24212460486198517, 1.0555200611935402, 1.8026851699025666, 0.0, 0.08070820162066172, 0.4133537810249108, 0.31001533576868306], 79, 89]
WARNING    2019-07-25 12:05:25,922  206:BoxPlotter                      	 Reduced solution not found for scenario number 453, skipping from aggregating...
WARNING    2019-07-25 12:05:25,922  206:BoxPlotter                      	 Reduced solution not found for scenario number 457, skipping from aggregating...
DEBUG      2019-07-25 12:05:25,923  142:BoxPlotter                      	 Feasibility ratio for scenario ids [464, 453, 457, 463]: 0.0
DEBUG      2019-07-25 12:05:25,923  153:BoxPlotter                      	 Appending plot data [] for x tick lable 1.0 with existing values: [[0.0, 0.0, 0.0, 0.6200306715373661, 0.0, 0.0], 83, 89]
DEBUG      2019-07-25 12:05:25,923  142:BoxPlotter                      	 Feasibility ratio for scenario ids [465, 454, 458, 527]: 0.0
DEBUG      2019-07-25 12:05:25,923  153:BoxPlotter                      	 Appending plot data [] for x tick lable 1.0 with existing values: [[0.0, 0.0, 0.0, 0.6200306715373661, 0.0, 0.0], 85, 91]
DEBUG      2019-07-25 12:05:25,923  142:BoxPlotter                      	 Feasibility ratio for scenario ids [466, 455, 459, 79]: 0.0
DEBUG      2019-07-25 12:05:25,923  153:BoxPlotter                      	 Appending plot data [] for x tick lable 1.0 with existing values: [[0.0, 0.0, 0.0, 0.6200306715373661, 0.0, 0.0], 89, 95]
DEBUG      2019-07-25 12:05:25,923  142:BoxPlotter                      	 Feasibility ratio for scenario ids [467, 468, 472, 476]: 0.0
DEBUG      2019-07-25 12:05:25,923  153:BoxPlotter                      	 Appending plot data [] for x tick lable 1.0 with existing values: [[0.0, 0.0, 0.0, 0.6200306715373661, 0.0, 0.0], 93, 99]
DEBUG      2019-07-25 12:05:25,923  142:BoxPlotter                      	 Feasibility ratio for scenario ids [531, 469, 473, 477]: 0.0
DEBUG      2019-07-25 12:05:25,923  153:BoxPlotter                      	 Appending plot data [] for x tick lable 0.75 with existing values: [[0.0, 0.8792536544412893, 0.0803826902949804, 0.24212460486198517, 1.0555200611935402, 1.8026851699025666, 0.0, 0.08070820162066172, 0.4133537810249108, 0.31001533576868306], 82, 92]
DEBUG      2019-07-25 12:05:25,923  142:BoxPlotter                      	 Feasibility ratio for scenario ids [544, 470, 474, 478]: 0.0
DEBUG      2019-07-25 12:05:25,923  153:BoxPlotter                      	 Appending plot data [] for x tick lable 1.0 with existing values: [[0.0, 0.0, 0.0, 0.6200306715373661, 0.0, 0.0], 97, 103]
DEBUG      2019-07-25 12:05:25,923  142:BoxPlotter                      	 Feasibility ratio for scenario ids [480, 471, 475, 479]: 0.25
DEBUG      2019-07-25 12:05:25,924  153:BoxPlotter                      	 Appending plot data [0.0] for x tick lable 0.1 with existing values: [[0.0, 0.0, 0.024212460486198524, 0.0, 0.0, 0.0, 0.0, 0.0, 0.0, 0.0, 0.12703602363889924, 0.0, 0.0, 0.0, 0.0, 0.0, 0.0, 0.0, 0.0, 0.0, 0.0, 0.0, 0.0, 0.0, 0.06351801181944962, 0.0, 0.0, 0.0, 0.0, 0.0, 0.0, 0.0, 0.0, 0.0, 0.0, 0.0, 0.0, 0.0, 0.0, 0.0, 0.0, 0.0, 0.0, 0.0, 0.0, 0.0, 0.0, 0.0, 0.0, 0.0, 0.0, 0.0, 0.0, 0.0, 0.0, 0.0, 0.0, 0.0, 0.0, 0.0, 0.0, 0.0, 0.0, 0.0, 0.0, 0.0, 0.0], 28, 95]
DEBUG      2019-07-25 12:05:25,924  142:BoxPlotter                      	 Feasibility ratio for scenario ids [481, 484, 488, 492]: 1.0
DEBUG      2019-07-25 12:05:25,924  153:BoxPlotter                      	 Appending plot data [0.0, 0.0, 0.0, 0.0] for x tick lable 0.1 with existing values: [[0.0, 0.0, 0.024212460486198524, 0.0, 0.0, 0.0, 0.0, 0.0, 0.0, 0.0, 0.12703602363889924, 0.0, 0.0, 0.0, 0.0, 0.0, 0.0, 0.0, 0.0, 0.0, 0.0, 0.0, 0.0, 0.0, 0.06351801181944962, 0.0, 0.0, 0.0, 0.0, 0.0, 0.0, 0.0, 0.0, 0.0, 0.0, 0.0, 0.0, 0.0, 0.0, 0.0, 0.0, 0.0, 0.0, 0.0, 0.0, 0.0, 0.0, 0.0, 0.0, 0.0, 0.0, 0.0, 0.0, 0.0, 0.0, 0.0, 0.0, 0.0, 0.0, 0.0, 0.0, 0.0, 0.0, 0.0, 0.0, 0.0, 0.0, 0.0], 31, 99]
DEBUG      2019-07-25 12:05:25,924  142:BoxPlotter                      	 Feasibility ratio for scenario ids [482, 485, 489, 493]: 1.0
DEBUG      2019-07-25 12:05:25,924  153:BoxPlotter                      	 Appending plot data [0.0, 0.0, 0.0, 0.0] for x tick lable 0.1 with existing values: [[0.0, 0.0, 0.024212460486198524, 0.0, 0.0, 0.0, 0.0, 0.0, 0.0, 0.0, 0.12703602363889924, 0.0, 0.0, 0.0, 0.0, 0.0, 0.0, 0.0, 0.0, 0.0, 0.0, 0.0, 0.0, 0.0, 0.06351801181944962, 0.0, 0.0, 0.0, 0.0, 0.0, 0.0, 0.0, 0.0, 0.0, 0.0, 0.0, 0.0, 0.0, 0.0, 0.0, 0.0, 0.0, 0.0, 0.0, 0.0, 0.0, 0.0, 0.0, 0.0, 0.0, 0.0, 0.0, 0.0, 0.0, 0.0, 0.0, 0.0, 0.0, 0.0, 0.0, 0.0, 0.0, 0.0, 0.0, 0.0, 0.0, 0.0, 0.0, 0.0, 0.0, 0.0, 0.0], 31, 103]
DEBUG      2019-07-25 12:05:25,924  142:BoxPlotter                      	 Feasibility ratio for scenario ids [483, 486, 490, 494]: 1.0
DEBUG      2019-07-25 12:05:25,924  153:BoxPlotter                      	 Appending plot data [0.0, 0.0, 0.0, 0.0] for x tick lable 0.1 with existing values: [[0.0, 0.0, 0.024212460486198524, 0.0, 0.0, 0.0, 0.0, 0.0, 0.0, 0.0, 0.12703602363889924, 0.0, 0.0, 0.0, 0.0, 0.0, 0.0, 0.0, 0.0, 0.0, 0.0, 0.0, 0.0, 0.0, 0.06351801181944962, 0.0, 0.0, 0.0, 0.0, 0.0, 0.0, 0.0, 0.0, 0.0, 0.0, 0.0, 0.0, 0.0, 0.0, 0.0, 0.0, 0.0, 0.0, 0.0, 0.0, 0.0, 0.0, 0.0, 0.0, 0.0, 0.0, 0.0, 0.0, 0.0, 0.0, 0.0, 0.0, 0.0, 0.0, 0.0, 0.0, 0.0, 0.0, 0.0, 0.0, 0.0, 0.0, 0.0, 0.0, 0.0, 0.0, 0.0, 0.0, 0.0, 0.0, 0.0], 31, 107]
DEBUG      2019-07-25 12:05:25,924  142:BoxPlotter                      	 Feasibility ratio for scenario ids [496, 487, 491, 495]: 1.0
DEBUG      2019-07-25 12:05:25,924  153:BoxPlotter                      	 Appending plot data [0.0, 0.006351801181944962, 0.0, 0.0] for x tick lable 0.25 with existing values: [[0.0, 0.0, 0.0, 0.08792536544412893, 0.48424920972397034, 0.0, 0.0, 0.0, 0.0, 0.0, 0.0, 0.0, 0.40499315415446346, 0.0, 0.0, 0.0, 0.0, 0.0, 0.03175900590972481, 0.0, 0.0, 0.0, 0.0, 0.0, 0.0, 0.0, 0.0, 0.0, 0.0, 0.0, 0.0, 0.0, 0.0, 0.0, 0.0, 0.0, 0.0, 0.0211726706064832, 0.0, 0.0, 0.0, 0.0, 0.0, 0.0, 0.0, 0.015879502954862405, 0.0, 0.0, 0.0, 0.0, 0.0, 0.0, 0.0, 0.0, 0.0, 0.0, 0.0, 0.0, 0.0, 0.0, 0.0, 0.0, 0.012703602363889925, 0.0, 0.0, 0.0, 0.0, 0.0], 27, 95]
DEBUG      2019-07-25 12:05:25,924  142:BoxPlotter                      	 Feasibility ratio for scenario ids [497, 500, 504, 508]: 0.75
DEBUG      2019-07-25 12:05:25,925  153:BoxPlotter                      	 Appending plot data [0.0, 0.0, 0.0] for x tick lable 0.25 with existing values: [[0.0, 0.0, 0.0, 0.08792536544412893, 0.48424920972397034, 0.0, 0.0, 0.0, 0.0, 0.0, 0.0, 0.0, 0.40499315415446346, 0.0, 0.0, 0.0, 0.0, 0.0, 0.03175900590972481, 0.0, 0.0, 0.0, 0.0, 0.0, 0.0, 0.0, 0.0, 0.0, 0.0, 0.0, 0.0, 0.0, 0.0, 0.0, 0.0, 0.0, 0.0, 0.0211726706064832, 0.0, 0.0, 0.0, 0.0, 0.0, 0.0, 0.0, 0.015879502954862405, 0.0, 0.0, 0.0, 0.0, 0.0, 0.0, 0.0, 0.0, 0.0, 0.0, 0.0, 0.0, 0.0, 0.0, 0.0, 0.0, 0.012703602363889925, 0.0, 0.0, 0.0, 0.0, 0.0, 0.0, 0.006351801181944962, 0.0, 0.0], 27, 99]
DEBUG      2019-07-25 12:05:25,925  142:BoxPlotter                      	 Feasibility ratio for scenario ids [498, 501, 505, 509]: 1.0
DEBUG      2019-07-25 12:05:25,925  153:BoxPlotter                      	 Appending plot data [0.0, 0.0, 0.0, 0.0] for x tick lable 0.25 with existing values: [[0.0, 0.0, 0.0, 0.08792536544412893, 0.48424920972397034, 0.0, 0.0, 0.0, 0.0, 0.0, 0.0, 0.0, 0.40499315415446346, 0.0, 0.0, 0.0, 0.0, 0.0, 0.03175900590972481, 0.0, 0.0, 0.0, 0.0, 0.0, 0.0, 0.0, 0.0, 0.0, 0.0, 0.0, 0.0, 0.0, 0.0, 0.0, 0.0, 0.0, 0.0, 0.0211726706064832, 0.0, 0.0, 0.0, 0.0, 0.0, 0.0, 0.0, 0.015879502954862405, 0.0, 0.0, 0.0, 0.0, 0.0, 0.0, 0.0, 0.0, 0.0, 0.0, 0.0, 0.0, 0.0, 0.0, 0.0, 0.0, 0.012703602363889925, 0.0, 0.0, 0.0, 0.0, 0.0, 0.0, 0.006351801181944962, 0.0, 0.0, 0.0, 0.0, 0.0], 28, 103]
DEBUG      2019-07-25 12:05:25,925  142:BoxPlotter                      	 Feasibility ratio for scenario ids [499, 502, 506, 510]: 0.75
DEBUG      2019-07-25 12:05:25,925  153:BoxPlotter                      	 Appending plot data [0.040499315415446345, 0.0, 0.0] for x tick lable 0.25 with existing values: [[0.0, 0.0, 0.0, 0.08792536544412893, 0.48424920972397034, 0.0, 0.0, 0.0, 0.0, 0.0, 0.0, 0.0, 0.40499315415446346, 0.0, 0.0, 0.0, 0.0, 0.0, 0.03175900590972481, 0.0, 0.0, 0.0, 0.0, 0.0, 0.0, 0.0, 0.0, 0.0, 0.0, 0.0, 0.0, 0.0, 0.0, 0.0, 0.0, 0.0, 0.0, 0.0211726706064832, 0.0, 0.0, 0.0, 0.0, 0.0, 0.0, 0.0, 0.015879502954862405, 0.0, 0.0, 0.0, 0.0, 0.0, 0.0, 0.0, 0.0, 0.0, 0.0, 0.0, 0.0, 0.0, 0.0, 0.0, 0.0, 0.012703602363889925, 0.0, 0.0, 0.0, 0.0, 0.0, 0.0, 0.006351801181944962, 0.0, 0.0, 0.0, 0.0, 0.0, 0.0, 0.0, 0.0, 0.0], 28, 107]
DEBUG      2019-07-25 12:05:25,925  142:BoxPlotter                      	 Feasibility ratio for scenario ids [528, 503, 507, 511]: 0.75
DEBUG      2019-07-25 12:05:25,925  153:BoxPlotter                      	 Appending plot data [0.19600798585024135, 0.00803826902949804, 0.0] for x tick lable 0.75 with existing values: [[0.0, 0.8792536544412893, 0.0803826902949804, 0.24212460486198517, 1.0555200611935402, 1.8026851699025666, 0.0, 0.08070820162066172, 0.4133537810249108, 0.31001533576868306], 86, 96]
DEBUG      2019-07-25 12:05:27,399 1346:matplotlib.font_manager         	 findfont: Matching :family=sans-serif:style=normal:variant=normal:weight=normal:stretch=normal:size=10.0 to DejaVu Sans (u'/home/balazs/university/stefan-collaboration-code/venv/local/lib/python2.7/site-packages/matplotlib/mpl-data/fonts/ttf/DejaVuSans.ttf') with score of 0.050000
